['7mjn_alpha_afterMD.pdb']
  Opening PDB file [7mjn_alpha_afterMD.pdb] ...

    Searching for HET groups in PDB file ...

      Number of HET residues read in        =       0
      Number of atom records stored         =       0
      Number of CONECT details stored       =       0

  Opening HET Group Dictionary ...

    Scanning HET Group Dictionary ...

      Number of dictionary entries read in  =       0
  Opening output bonds file, ./hbadd.bonds ...
HBPLUS Hydrogen Bond Calculator v 3.2            Nov 27 16:05:44 CST 2021
(c) I McDonald, D Naylor, D Jones and J Thornton 1993 All Rights Reserved.

Configured for 100000 atoms and 24000 residues.

Criteria

Neighbour interactions, max atom-atom separation 3.9
Minimum covalent separation 3 Covalent bonds


Processing file "7mjn_alpha_afterMD.pdb" . . .
Opening "7mjn_alpha_afterMD.pdb" for protein co-ordinates. . .

	Hydrogens Recognized in Brookhaven File
WARNING: Unrecognized atom name  CD  from residue ILE 
WARNING: Unrecognized atom name  CD  from residue ILE 
WARNING: Unrecognized atom name  CD  from residue ILE 
WARNING: Unrecognized atom name  CD  from residue ILE 
WARNING: Unrecognized atom name  CD  from residue ILE 
WARNING: Unrecognized atom name  CD  from residue ILE 
WARNING: Unrecognized atom name  CD  from residue ILE 
WARNING: Unrecognized atom name  CD  from residue ILE 
WARNING: Unrecognized atom name  O1  from residue SER 
WARNING: Unrecognized atom name  O2  from residue SER 
WARNING: Unrecognized atom name  CD  from residue ILE 
WARNING: Unrecognized atom name  CD  from residue ILE 
WARNING: Unrecognized atom name  CD  from residue ILE 
WARNING: Unrecognized atom name  CD  from residue ILE 
WARNING: Unrecognized atom name  CD  from residue ILE 
WARNING: Unrecognized atom name  CD  from residue ILE 
WARNING: Unrecognized atom name  CD  from residue ILE 
WARNING: Unrecognized atom name  CD  from residue ILE 
WARNING: Unrecognized atom name  CD  from residue ILE 
WARNING: Unrecognized atom name  CD  from residue ILE 
WARNING: Unrecognized atom name  CD  from residue ILE 
WARNING: Unrecognized atom name  CD  from residue ILE 
WARNING: Unrecognized atom name  CD  from residue ILE 
WARNING: Unrecognized atom name  CD  from residue ILE 
WARNING: Unrecognized atom name  CD  from residue ILE 
WARNING: Unrecognized atom name  CD  from residue ILE 
WARNING: Unrecognized atom name  CD  from residue ILE 
WARNING: Unrecognized atom name  CD  from residue ILE 
WARNING: Unrecognized atom name  CD  from residue ILE 
WARNING: Unrecognized atom name  CD  from residue ILE 
WARNING: Unrecognized atom name  CD  from residue ILE 
WARNING: Unrecognized atom name  CD  from residue ILE 
WARNING: Unrecognized atom name  O1  from residue ALA 
WARNING: Unrecognized atom name  O2  from residue ALA 
6451 atoms selected from 796 residues.

Found 1 elements of secondary structure and 2 chains.
0 CONRECS used.
Checking for disulphide bridges . . . 
Disulphide bond between /A0336hCYS SG  and /A0361hCYS SG .
Disulphide bond between /A0379hCYS SG  and /A0432hCYS SG .
Disulphide bond between /A0391hCYS SG  and /A0525hCYS SG .
Disulphide bond between /A0480hCYS SG  and /A0488hCYS SG .
Disulphide bond between /B0133hCYS SG  and /B0141hCYS SG .
Disulphide bond between /B0530hCYS SG  and /B0542hCYS SG .
6 disulphide bonds found.


Adding Polar Hydrogens.
Opened output file "./7mjn_alpha_afterMD.nnb".
Checking for hydrogen bonds . . . 
20872 neighbour interactions found.
HBPLUS Hydrogen Bond Calculator v 3.2            Nov 27 16:05:45 CST 2021
(c) I McDonald, D Naylor, D Jones and J Thornton 1993 All Rights Reserved.

Configured for 100000 atoms and 24000 residues.

Criteria

Minimum Angles; DHA 90.00, HAAA 90.00, DAAA 90.00
Maximum Distances; D-A 3.3, H-A 2.7, S-S 3.0
Maximum angles at aromatic acceptors DAAX 20.00, HAAAX 20.00
Minimum covalent separation 3 Covalent bonds


Processing file "7mjn_alpha_afterMD.pdb" . . .
Opening "7mjn_alpha_afterMD.pdb" for protein co-ordinates. . .

	Hydrogens Recognized in Brookhaven File
WARNING: Unrecognized atom name  CD  from residue ILE 
WARNING: Unrecognized atom name  CD  from residue ILE 
WARNING: Unrecognized atom name  CD  from residue ILE 
WARNING: Unrecognized atom name  CD  from residue ILE 
WARNING: Unrecognized atom name  CD  from residue ILE 
WARNING: Unrecognized atom name  CD  from residue ILE 
WARNING: Unrecognized atom name  CD  from residue ILE 
WARNING: Unrecognized atom name  CD  from residue ILE 
WARNING: Unrecognized atom name  O1  from residue SER 
WARNING: Unrecognized atom name  O2  from residue SER 
WARNING: Unrecognized atom name  CD  from residue ILE 
WARNING: Unrecognized atom name  CD  from residue ILE 
WARNING: Unrecognized atom name  CD  from residue ILE 
WARNING: Unrecognized atom name  CD  from residue ILE 
WARNING: Unrecognized atom name  CD  from residue ILE 
WARNING: Unrecognized atom name  CD  from residue ILE 
WARNING: Unrecognized atom name  CD  from residue ILE 
WARNING: Unrecognized atom name  CD  from residue ILE 
WARNING: Unrecognized atom name  CD  from residue ILE 
WARNING: Unrecognized atom name  CD  from residue ILE 
WARNING: Unrecognized atom name  CD  from residue ILE 
WARNING: Unrecognized atom name  CD  from residue ILE 
WARNING: Unrecognized atom name  CD  from residue ILE 
WARNING: Unrecognized atom name  CD  from residue ILE 
WARNING: Unrecognized atom name  CD  from residue ILE 
WARNING: Unrecognized atom name  CD  from residue ILE 
WARNING: Unrecognized atom name  CD  from residue ILE 
WARNING: Unrecognized atom name  CD  from residue ILE 
WARNING: Unrecognized atom name  CD  from residue ILE 
WARNING: Unrecognized atom name  CD  from residue ILE 
WARNING: Unrecognized atom name  CD  from residue ILE 
WARNING: Unrecognized atom name  CD  from residue ILE 
WARNING: Unrecognized atom name  O1  from residue ALA 
WARNING: Unrecognized atom name  O2  from residue ALA 
6451 atoms selected from 796 residues.

Found 1 elements of secondary structure and 2 chains.
0 CONRECS used.
Checking for disulphide bridges . . . 
Disulphide bond between /A0336hCYS SG  and /A0361hCYS SG .
Disulphide bond between /A0379hCYS SG  and /A0432hCYS SG .
Disulphide bond between /A0391hCYS SG  and /A0525hCYS SG .
Disulphide bond between /A0480hCYS SG  and /A0488hCYS SG .
Disulphide bond between /B0133hCYS SG  and /B0141hCYS SG .
Disulphide bond between /B0530hCYS SG  and /B0542hCYS SG .
6 disulphide bonds found.


Adding Polar Hydrogens.
Opened output file "./7mjn_alpha_afterMD.hhb".
Checking for hydrogen bonds . . . 
714 hydrogen bonds found.


  Opening PDB file [7mjn_alpha_afterMD.pdb] ...
  Reading through PDB file ...

Reading in hydrogen bonds from file 7mjn_alpha_afterMD.hhb ....
.... and non-bonded contacts from file 7mjn_alpha_afterMD.nnb

Number of residues written out:     52,  Atoms:    590
Loop:    1. Current score 4100
Loop:    2. Current score 3559
Loop:    3. Current score 2597
Loop:    4. Current score 2805
Loop:    5. Current score 2033
Loop:    6. Current score 1693
Loop:    7. Current score 1962
Loop:    8. Current score 1769
Loop:    9. Current score 1164
Loop:   10. Current score 1343
Alignment score at start = 5024 and at end = 1343
['7mjn_alpha_afterMD.pdb']
  Opening PDB file [7mjn_alpha_afterMD.pdb] ...

    Searching for HET groups in PDB file ...

      Number of HET residues read in        =       0
      Number of atom records stored         =       0
      Number of CONECT details stored       =       0

  Opening HET Group Dictionary ...

    Scanning HET Group Dictionary ...

      Number of dictionary entries read in  =       0
  Opening output bonds file, ./hbadd.bonds ...
HBPLUS Hydrogen Bond Calculator v 3.2            Nov 29 21:03:53 CST 2021
(c) I McDonald, D Naylor, D Jones and J Thornton 1993 All Rights Reserved.

Configured for 100000 atoms and 24000 residues.

Criteria

Neighbour interactions, max atom-atom separation 3.9
Minimum covalent separation 3 Covalent bonds


Processing file "7mjn_alpha_afterMD.pdb" . . .
Opening "7mjn_alpha_afterMD.pdb" for protein co-ordinates. . .

	Hydrogens Recognized in Brookhaven File
WARNING: Unrecognized atom name  CD  from residue ILE 
WARNING: Unrecognized atom name  CD  from residue ILE 
WARNING: Unrecognized atom name  CD  from residue ILE 
WARNING: Unrecognized atom name  CD  from residue ILE 
WARNING: Unrecognized atom name  CD  from residue ILE 
WARNING: Unrecognized atom name  CD  from residue ILE 
WARNING: Unrecognized atom name  CD  from residue ILE 
WARNING: Unrecognized atom name  CD  from residue ILE 
WARNING: Unrecognized atom name  O1  from residue SER 
WARNING: Unrecognized atom name  O2  from residue SER 
WARNING: Unrecognized atom name  CD  from residue ILE 
WARNING: Unrecognized atom name  CD  from residue ILE 
WARNING: Unrecognized atom name  CD  from residue ILE 
WARNING: Unrecognized atom name  CD  from residue ILE 
WARNING: Unrecognized atom name  CD  from residue ILE 
WARNING: Unrecognized atom name  CD  from residue ILE 
WARNING: Unrecognized atom name  CD  from residue ILE 
WARNING: Unrecognized atom name  CD  from residue ILE 
WARNING: Unrecognized atom name  CD  from residue ILE 
WARNING: Unrecognized atom name  CD  from residue ILE 
WARNING: Unrecognized atom name  CD  from residue ILE 
WARNING: Unrecognized atom name  CD  from residue ILE 
WARNING: Unrecognized atom name  CD  from residue ILE 
WARNING: Unrecognized atom name  CD  from residue ILE 
WARNING: Unrecognized atom name  CD  from residue ILE 
WARNING: Unrecognized atom name  CD  from residue ILE 
WARNING: Unrecognized atom name  CD  from residue ILE 
WARNING: Unrecognized atom name  CD  from residue ILE 
WARNING: Unrecognized atom name  CD  from residue ILE 
WARNING: Unrecognized atom name  CD  from residue ILE 
WARNING: Unrecognized atom name  CD  from residue ILE 
WARNING: Unrecognized atom name  CD  from residue ILE 
WARNING: Unrecognized atom name  O1  from residue ALA 
WARNING: Unrecognized atom name  O2  from residue ALA 
6451 atoms selected from 796 residues.

Found 1 elements of secondary structure and 2 chains.
0 CONRECS used.
Checking for disulphide bridges . . . 
Disulphide bond between /A0336hCYS SG  and /A0361hCYS SG .
Disulphide bond between /A0379hCYS SG  and /A0432hCYS SG .
Disulphide bond between /A0391hCYS SG  and /A0525hCYS SG .
Disulphide bond between /A0480hCYS SG  and /A0488hCYS SG .
Disulphide bond between /B0133hCYS SG  and /B0141hCYS SG .
Disulphide bond between /B0530hCYS SG  and /B0542hCYS SG .
6 disulphide bonds found.


Adding Polar Hydrogens.
Opened output file "./7mjn_alpha_afterMD.nnb".
Checking for hydrogen bonds . . . 
20872 neighbour interactions found.
HBPLUS Hydrogen Bond Calculator v 3.2            Nov 29 21:03:53 CST 2021
(c) I McDonald, D Naylor, D Jones and J Thornton 1993 All Rights Reserved.

Configured for 100000 atoms and 24000 residues.

Criteria

Minimum Angles; DHA 90.00, HAAA 90.00, DAAA 90.00
Maximum Distances; D-A 3.3, H-A 2.7, S-S 3.0
Maximum angles at aromatic acceptors DAAX 20.00, HAAAX 20.00
Minimum covalent separation 3 Covalent bonds


Processing file "7mjn_alpha_afterMD.pdb" . . .
Opening "7mjn_alpha_afterMD.pdb" for protein co-ordinates. . .

	Hydrogens Recognized in Brookhaven File
WARNING: Unrecognized atom name  CD  from residue ILE 
WARNING: Unrecognized atom name  CD  from residue ILE 
WARNING: Unrecognized atom name  CD  from residue ILE 
WARNING: Unrecognized atom name  CD  from residue ILE 
WARNING: Unrecognized atom name  CD  from residue ILE 
WARNING: Unrecognized atom name  CD  from residue ILE 
WARNING: Unrecognized atom name  CD  from residue ILE 
WARNING: Unrecognized atom name  CD  from residue ILE 
WARNING: Unrecognized atom name  O1  from residue SER 
WARNING: Unrecognized atom name  O2  from residue SER 
WARNING: Unrecognized atom name  CD  from residue ILE 
WARNING: Unrecognized atom name  CD  from residue ILE 
WARNING: Unrecognized atom name  CD  from residue ILE 
WARNING: Unrecognized atom name  CD  from residue ILE 
WARNING: Unrecognized atom name  CD  from residue ILE 
WARNING: Unrecognized atom name  CD  from residue ILE 
WARNING: Unrecognized atom name  CD  from residue ILE 
WARNING: Unrecognized atom name  CD  from residue ILE 
WARNING: Unrecognized atom name  CD  from residue ILE 
WARNING: Unrecognized atom name  CD  from residue ILE 
WARNING: Unrecognized atom name  CD  from residue ILE 
WARNING: Unrecognized atom name  CD  from residue ILE 
WARNING: Unrecognized atom name  CD  from residue ILE 
WARNING: Unrecognized atom name  CD  from residue ILE 
WARNING: Unrecognized atom name  CD  from residue ILE 
WARNING: Unrecognized atom name  CD  from residue ILE 
WARNING: Unrecognized atom name  CD  from residue ILE 
WARNING: Unrecognized atom name  CD  from residue ILE 
WARNING: Unrecognized atom name  CD  from residue ILE 
WARNING: Unrecognized atom name  CD  from residue ILE 
WARNING: Unrecognized atom name  CD  from residue ILE 
WARNING: Unrecognized atom name  CD  from residue ILE 
WARNING: Unrecognized atom name  O1  from residue ALA 
WARNING: Unrecognized atom name  O2  from residue ALA 
6451 atoms selected from 796 residues.

Found 1 elements of secondary structure and 2 chains.
0 CONRECS used.
Checking for disulphide bridges . . . 
Disulphide bond between /A0336hCYS SG  and /A0361hCYS SG .
Disulphide bond between /A0379hCYS SG  and /A0432hCYS SG .
Disulphide bond between /A0391hCYS SG  and /A0525hCYS SG .
Disulphide bond between /A0480hCYS SG  and /A0488hCYS SG .
Disulphide bond between /B0133hCYS SG  and /B0141hCYS SG .
Disulphide bond between /B0530hCYS SG  and /B0542hCYS SG .
6 disulphide bonds found.


Adding Polar Hydrogens.
Opened output file "./7mjn_alpha_afterMD.hhb".
Checking for hydrogen bonds . . . 
714 hydrogen bonds found.


  Opening PDB file [7mjn_alpha_afterMD.pdb] ...
  Reading through PDB file ...

Reading in hydrogen bonds from file 7mjn_alpha_afterMD.hhb ....
.... and non-bonded contacts from file 7mjn_alpha_afterMD.nnb

Number of residues written out:     52,  Atoms:    590
Loop:    1. Current score 4100
Loop:    2. Current score 3559
Loop:    3. Current score 2597
Loop:    4. Current score 2805
Loop:    5. Current score 2033
Loop:    6. Current score 1693
Loop:    7. Current score 1962
Loop:    8. Current score 1769
Loop:    9. Current score 1164
Loop:   10. Current score 1343
Alignment score at start = 5024 and at end = 1343
['7mjn_alpha_afterMD.pdb']
  Opening PDB file [7mjn_alpha_afterMD.pdb] ...

    Searching for HET groups in PDB file ...

      Number of HET residues read in        =       0
      Number of atom records stored         =       0
      Number of CONECT details stored       =       0

  Opening HET Group Dictionary ...

    Scanning HET Group Dictionary ...

      Number of dictionary entries read in  =       0
  Opening output bonds file, ./hbadd.bonds ...
HBPLUS Hydrogen Bond Calculator v 3.2            Nov 30 17:23:21 CST 2021
(c) I McDonald, D Naylor, D Jones and J Thornton 1993 All Rights Reserved.

Configured for 100000 atoms and 24000 residues.

Criteria

Neighbour interactions, max atom-atom separation 3.9
Minimum covalent separation 3 Covalent bonds


Processing file "7mjn_alpha_afterMD.pdb" . . .
Opening "7mjn_alpha_afterMD.pdb" for protein co-ordinates. . .

	Hydrogens Recognized in Brookhaven File
WARNING: Unrecognized atom name  CD  from residue ILE 
WARNING: Unrecognized atom name  CD  from residue ILE 
WARNING: Unrecognized atom name  CD  from residue ILE 
WARNING: Unrecognized atom name  CD  from residue ILE 
WARNING: Unrecognized atom name  CD  from residue ILE 
WARNING: Unrecognized atom name  CD  from residue ILE 
WARNING: Unrecognized atom name  CD  from residue ILE 
WARNING: Unrecognized atom name  CD  from residue ILE 
WARNING: Unrecognized atom name  O1  from residue SER 
WARNING: Unrecognized atom name  O2  from residue SER 
WARNING: Unrecognized atom name  CD  from residue ILE 
WARNING: Unrecognized atom name  CD  from residue ILE 
WARNING: Unrecognized atom name  CD  from residue ILE 
WARNING: Unrecognized atom name  CD  from residue ILE 
WARNING: Unrecognized atom name  CD  from residue ILE 
WARNING: Unrecognized atom name  CD  from residue ILE 
WARNING: Unrecognized atom name  CD  from residue ILE 
WARNING: Unrecognized atom name  CD  from residue ILE 
WARNING: Unrecognized atom name  CD  from residue ILE 
WARNING: Unrecognized atom name  CD  from residue ILE 
WARNING: Unrecognized atom name  CD  from residue ILE 
WARNING: Unrecognized atom name  CD  from residue ILE 
WARNING: Unrecognized atom name  CD  from residue ILE 
WARNING: Unrecognized atom name  CD  from residue ILE 
WARNING: Unrecognized atom name  CD  from residue ILE 
WARNING: Unrecognized atom name  CD  from residue ILE 
WARNING: Unrecognized atom name  CD  from residue ILE 
WARNING: Unrecognized atom name  CD  from residue ILE 
WARNING: Unrecognized atom name  CD  from residue ILE 
WARNING: Unrecognized atom name  CD  from residue ILE 
WARNING: Unrecognized atom name  CD  from residue ILE 
WARNING: Unrecognized atom name  CD  from residue ILE 
WARNING: Unrecognized atom name  O1  from residue ALA 
WARNING: Unrecognized atom name  O2  from residue ALA 
6451 atoms selected from 796 residues.

Found 1 elements of secondary structure and 2 chains.
0 CONRECS used.
Checking for disulphide bridges . . . 
Disulphide bond between /A0336hCYS SG  and /A0361hCYS SG .
Disulphide bond between /A0379hCYS SG  and /A0432hCYS SG .
Disulphide bond between /A0391hCYS SG  and /A0525hCYS SG .
Disulphide bond between /A0480hCYS SG  and /A0488hCYS SG .
Disulphide bond between /B0133hCYS SG  and /B0141hCYS SG .
Disulphide bond between /B0530hCYS SG  and /B0542hCYS SG .
6 disulphide bonds found.


Adding Polar Hydrogens.
Opened output file "./7mjn_alpha_afterMD.nnb".
Checking for hydrogen bonds . . . 
20872 neighbour interactions found.
HBPLUS Hydrogen Bond Calculator v 3.2            Nov 30 17:23:21 CST 2021
(c) I McDonald, D Naylor, D Jones and J Thornton 1993 All Rights Reserved.

Configured for 100000 atoms and 24000 residues.

Criteria

Minimum Angles; DHA 90.00, HAAA 90.00, DAAA 90.00
Maximum Distances; D-A 3.3, H-A 2.7, S-S 3.0
Maximum angles at aromatic acceptors DAAX 20.00, HAAAX 20.00
Minimum covalent separation 3 Covalent bonds


Processing file "7mjn_alpha_afterMD.pdb" . . .
Opening "7mjn_alpha_afterMD.pdb" for protein co-ordinates. . .

	Hydrogens Recognized in Brookhaven File
WARNING: Unrecognized atom name  CD  from residue ILE 
WARNING: Unrecognized atom name  CD  from residue ILE 
WARNING: Unrecognized atom name  CD  from residue ILE 
WARNING: Unrecognized atom name  CD  from residue ILE 
WARNING: Unrecognized atom name  CD  from residue ILE 
WARNING: Unrecognized atom name  CD  from residue ILE 
WARNING: Unrecognized atom name  CD  from residue ILE 
WARNING: Unrecognized atom name  CD  from residue ILE 
WARNING: Unrecognized atom name  O1  from residue SER 
WARNING: Unrecognized atom name  O2  from residue SER 
WARNING: Unrecognized atom name  CD  from residue ILE 
WARNING: Unrecognized atom name  CD  from residue ILE 
WARNING: Unrecognized atom name  CD  from residue ILE 
WARNING: Unrecognized atom name  CD  from residue ILE 
WARNING: Unrecognized atom name  CD  from residue ILE 
WARNING: Unrecognized atom name  CD  from residue ILE 
WARNING: Unrecognized atom name  CD  from residue ILE 
WARNING: Unrecognized atom name  CD  from residue ILE 
WARNING: Unrecognized atom name  CD  from residue ILE 
WARNING: Unrecognized atom name  CD  from residue ILE 
WARNING: Unrecognized atom name  CD  from residue ILE 
WARNING: Unrecognized atom name  CD  from residue ILE 
WARNING: Unrecognized atom name  CD  from residue ILE 
WARNING: Unrecognized atom name  CD  from residue ILE 
WARNING: Unrecognized atom name  CD  from residue ILE 
WARNING: Unrecognized atom name  CD  from residue ILE 
WARNING: Unrecognized atom name  CD  from residue ILE 
WARNING: Unrecognized atom name  CD  from residue ILE 
WARNING: Unrecognized atom name  CD  from residue ILE 
WARNING: Unrecognized atom name  CD  from residue ILE 
WARNING: Unrecognized atom name  CD  from residue ILE 
WARNING: Unrecognized atom name  CD  from residue ILE 
WARNING: Unrecognized atom name  O1  from residue ALA 
WARNING: Unrecognized atom name  O2  from residue ALA 
6451 atoms selected from 796 residues.

Found 1 elements of secondary structure and 2 chains.
0 CONRECS used.
Checking for disulphide bridges . . . 
Disulphide bond between /A0336hCYS SG  and /A0361hCYS SG .
Disulphide bond between /A0379hCYS SG  and /A0432hCYS SG .
Disulphide bond between /A0391hCYS SG  and /A0525hCYS SG .
Disulphide bond between /A0480hCYS SG  and /A0488hCYS SG .
Disulphide bond between /B0133hCYS SG  and /B0141hCYS SG .
Disulphide bond between /B0530hCYS SG  and /B0542hCYS SG .
6 disulphide bonds found.


Adding Polar Hydrogens.
Opened output file "./7mjn_alpha_afterMD.hhb".
Checking for hydrogen bonds . . . 
714 hydrogen bonds found.


  Opening PDB file [7mjn_alpha_afterMD.pdb] ...
  Reading through PDB file ...

Reading in hydrogen bonds from file 7mjn_alpha_afterMD.hhb ....
.... and non-bonded contacts from file 7mjn_alpha_afterMD.nnb

Number of residues written out:     52,  Atoms:    590
Loop:    1. Current score 3171
Loop:    2. Current score 3510
Loop:    3. Current score 3150
Loop:    4. Current score 2494
Loop:    5. Current score 2422
Loop:    6. Current score 2018
Loop:    7. Current score 2631
Loop:    8. Current score 1897
Loop:    9. Current score 1672
Loop:   10. Current score 1671
Alignment score at start = 5024 and at end = 1671
['7mjn_alpha_afterMD.pdb']
  Opening PDB file [7mjn_alpha_afterMD.pdb] ...

    Searching for HET groups in PDB file ...

      Number of HET residues read in        =       0
      Number of atom records stored         =       0
      Number of CONECT details stored       =       0

  Opening HET Group Dictionary ...

    Scanning HET Group Dictionary ...

      Number of dictionary entries read in  =       0
  Opening output bonds file, ./hbadd.bonds ...
HBPLUS Hydrogen Bond Calculator v 3.2            Nov 30 18:56:08 CST 2021
(c) I McDonald, D Naylor, D Jones and J Thornton 1993 All Rights Reserved.

Configured for 100000 atoms and 24000 residues.

Criteria

Neighbour interactions, max atom-atom separation 3.9
Minimum covalent separation 3 Covalent bonds


Processing file "7mjn_alpha_afterMD.pdb" . . .
Opening "7mjn_alpha_afterMD.pdb" for protein co-ordinates. . .

	Hydrogens Recognized in Brookhaven File
WARNING: Unrecognized atom name  CD  from residue ILE 
WARNING: Unrecognized atom name  CD  from residue ILE 
WARNING: Unrecognized atom name  CD  from residue ILE 
WARNING: Unrecognized atom name  CD  from residue ILE 
WARNING: Unrecognized atom name  CD  from residue ILE 
WARNING: Unrecognized atom name  CD  from residue ILE 
WARNING: Unrecognized atom name  CD  from residue ILE 
WARNING: Unrecognized atom name  CD  from residue ILE 
WARNING: Unrecognized atom name  O1  from residue SER 
WARNING: Unrecognized atom name  O2  from residue SER 
WARNING: Unrecognized atom name  CD  from residue ILE 
WARNING: Unrecognized atom name  CD  from residue ILE 
WARNING: Unrecognized atom name  CD  from residue ILE 
WARNING: Unrecognized atom name  CD  from residue ILE 
WARNING: Unrecognized atom name  CD  from residue ILE 
WARNING: Unrecognized atom name  CD  from residue ILE 
WARNING: Unrecognized atom name  CD  from residue ILE 
WARNING: Unrecognized atom name  CD  from residue ILE 
WARNING: Unrecognized atom name  CD  from residue ILE 
WARNING: Unrecognized atom name  CD  from residue ILE 
WARNING: Unrecognized atom name  CD  from residue ILE 
WARNING: Unrecognized atom name  CD  from residue ILE 
WARNING: Unrecognized atom name  CD  from residue ILE 
WARNING: Unrecognized atom name  CD  from residue ILE 
WARNING: Unrecognized atom name  CD  from residue ILE 
WARNING: Unrecognized atom name  CD  from residue ILE 
WARNING: Unrecognized atom name  CD  from residue ILE 
WARNING: Unrecognized atom name  CD  from residue ILE 
WARNING: Unrecognized atom name  CD  from residue ILE 
WARNING: Unrecognized atom name  CD  from residue ILE 
WARNING: Unrecognized atom name  CD  from residue ILE 
WARNING: Unrecognized atom name  CD  from residue ILE 
WARNING: Unrecognized atom name  O1  from residue ALA 
WARNING: Unrecognized atom name  O2  from residue ALA 
6451 atoms selected from 796 residues.

Found 1 elements of secondary structure and 2 chains.
0 CONRECS used.
Checking for disulphide bridges . . . 
Disulphide bond between /A0336hCYS SG  and /A0361hCYS SG .
Disulphide bond between /A0379hCYS SG  and /A0432hCYS SG .
Disulphide bond between /A0391hCYS SG  and /A0525hCYS SG .
Disulphide bond between /A0480hCYS SG  and /A0488hCYS SG .
Disulphide bond between /B0133hCYS SG  and /B0141hCYS SG .
Disulphide bond between /B0530hCYS SG  and /B0542hCYS SG .
6 disulphide bonds found.


Adding Polar Hydrogens.
Opened output file "./7mjn_alpha_afterMD.nnb".
Checking for hydrogen bonds . . . 
20872 neighbour interactions found.
HBPLUS Hydrogen Bond Calculator v 3.2            Nov 30 18:56:08 CST 2021
(c) I McDonald, D Naylor, D Jones and J Thornton 1993 All Rights Reserved.

Configured for 100000 atoms and 24000 residues.

Criteria

Minimum Angles; DHA 90.00, HAAA 90.00, DAAA 90.00
Maximum Distances; D-A 3.3, H-A 2.7, S-S 3.0
Maximum angles at aromatic acceptors DAAX 20.00, HAAAX 20.00
Minimum covalent separation 3 Covalent bonds


Processing file "7mjn_alpha_afterMD.pdb" . . .
Opening "7mjn_alpha_afterMD.pdb" for protein co-ordinates. . .

	Hydrogens Recognized in Brookhaven File
WARNING: Unrecognized atom name  CD  from residue ILE 
WARNING: Unrecognized atom name  CD  from residue ILE 
WARNING: Unrecognized atom name  CD  from residue ILE 
WARNING: Unrecognized atom name  CD  from residue ILE 
WARNING: Unrecognized atom name  CD  from residue ILE 
WARNING: Unrecognized atom name  CD  from residue ILE 
WARNING: Unrecognized atom name  CD  from residue ILE 
WARNING: Unrecognized atom name  CD  from residue ILE 
WARNING: Unrecognized atom name  O1  from residue SER 
WARNING: Unrecognized atom name  O2  from residue SER 
WARNING: Unrecognized atom name  CD  from residue ILE 
WARNING: Unrecognized atom name  CD  from residue ILE 
WARNING: Unrecognized atom name  CD  from residue ILE 
WARNING: Unrecognized atom name  CD  from residue ILE 
WARNING: Unrecognized atom name  CD  from residue ILE 
WARNING: Unrecognized atom name  CD  from residue ILE 
WARNING: Unrecognized atom name  CD  from residue ILE 
WARNING: Unrecognized atom name  CD  from residue ILE 
WARNING: Unrecognized atom name  CD  from residue ILE 
WARNING: Unrecognized atom name  CD  from residue ILE 
WARNING: Unrecognized atom name  CD  from residue ILE 
WARNING: Unrecognized atom name  CD  from residue ILE 
WARNING: Unrecognized atom name  CD  from residue ILE 
WARNING: Unrecognized atom name  CD  from residue ILE 
WARNING: Unrecognized atom name  CD  from residue ILE 
WARNING: Unrecognized atom name  CD  from residue ILE 
WARNING: Unrecognized atom name  CD  from residue ILE 
WARNING: Unrecognized atom name  CD  from residue ILE 
WARNING: Unrecognized atom name  CD  from residue ILE 
WARNING: Unrecognized atom name  CD  from residue ILE 
WARNING: Unrecognized atom name  CD  from residue ILE 
WARNING: Unrecognized atom name  CD  from residue ILE 
WARNING: Unrecognized atom name  O1  from residue ALA 
WARNING: Unrecognized atom name  O2  from residue ALA 
6451 atoms selected from 796 residues.

Found 1 elements of secondary structure and 2 chains.
0 CONRECS used.
Checking for disulphide bridges . . . 
Disulphide bond between /A0336hCYS SG  and /A0361hCYS SG .
Disulphide bond between /A0379hCYS SG  and /A0432hCYS SG .
Disulphide bond between /A0391hCYS SG  and /A0525hCYS SG .
Disulphide bond between /A0480hCYS SG  and /A0488hCYS SG .
Disulphide bond between /B0133hCYS SG  and /B0141hCYS SG .
Disulphide bond between /B0530hCYS SG  and /B0542hCYS SG .
6 disulphide bonds found.


Adding Polar Hydrogens.
Opened output file "./7mjn_alpha_afterMD.hhb".
Checking for hydrogen bonds . . . 
714 hydrogen bonds found.


  Opening PDB file [7mjn_alpha_afterMD.pdb] ...
  Reading through PDB file ...

Reading in hydrogen bonds from file 7mjn_alpha_afterMD.hhb ....
.... and non-bonded contacts from file 7mjn_alpha_afterMD.nnb

Number of residues written out:     52,  Atoms:    590
Loop:    1. Current score 4100
Loop:    2. Current score 3559
Loop:    3. Current score 2597
Loop:    4. Current score 2805
Loop:    5. Current score 2033
Loop:    6. Current score 1693
Loop:    7. Current score 1962
Loop:    8. Current score 1769
Loop:    9. Current score 1164
Loop:   10. Current score 1343
Alignment score at start = 5024 and at end = 1343
['7mjn_alpha_afterMD.pdb']
  Opening PDB file [7mjn_alpha_afterMD.pdb] ...

    Searching for HET groups in PDB file ...

      Number of HET residues read in        =       0
      Number of atom records stored         =       0
      Number of CONECT details stored       =       0

  Opening HET Group Dictionary ...

    Scanning HET Group Dictionary ...

      Number of dictionary entries read in  =       0
  Opening output bonds file, ./hbadd.bonds ...
HBPLUS Hydrogen Bond Calculator v 3.2            Dec 03 11:02:38 CST 2021
(c) I McDonald, D Naylor, D Jones and J Thornton 1993 All Rights Reserved.

Configured for 100000 atoms and 24000 residues.

Criteria

Neighbour interactions, max atom-atom separation 3.9
Minimum covalent separation 3 Covalent bonds


Processing file "7mjn_alpha_afterMD.pdb" . . .
Opening "7mjn_alpha_afterMD.pdb" for protein co-ordinates. . .

	Hydrogens Recognized in Brookhaven File
WARNING: Unrecognized atom name  CD  from residue ILE 
WARNING: Unrecognized atom name  CD  from residue ILE 
WARNING: Unrecognized atom name  CD  from residue ILE 
WARNING: Unrecognized atom name  CD  from residue ILE 
WARNING: Unrecognized atom name  CD  from residue ILE 
WARNING: Unrecognized atom name  CD  from residue ILE 
WARNING: Unrecognized atom name  CD  from residue ILE 
WARNING: Unrecognized atom name  CD  from residue ILE 
WARNING: Unrecognized atom name  O1  from residue SER 
WARNING: Unrecognized atom name  O2  from residue SER 
WARNING: Unrecognized atom name  CD  from residue ILE 
WARNING: Unrecognized atom name  CD  from residue ILE 
WARNING: Unrecognized atom name  CD  from residue ILE 
WARNING: Unrecognized atom name  CD  from residue ILE 
WARNING: Unrecognized atom name  CD  from residue ILE 
WARNING: Unrecognized atom name  CD  from residue ILE 
WARNING: Unrecognized atom name  CD  from residue ILE 
WARNING: Unrecognized atom name  CD  from residue ILE 
WARNING: Unrecognized atom name  CD  from residue ILE 
WARNING: Unrecognized atom name  CD  from residue ILE 
WARNING: Unrecognized atom name  CD  from residue ILE 
WARNING: Unrecognized atom name  CD  from residue ILE 
WARNING: Unrecognized atom name  CD  from residue ILE 
WARNING: Unrecognized atom name  CD  from residue ILE 
WARNING: Unrecognized atom name  CD  from residue ILE 
WARNING: Unrecognized atom name  CD  from residue ILE 
WARNING: Unrecognized atom name  CD  from residue ILE 
WARNING: Unrecognized atom name  CD  from residue ILE 
WARNING: Unrecognized atom name  CD  from residue ILE 
WARNING: Unrecognized atom name  CD  from residue ILE 
WARNING: Unrecognized atom name  CD  from residue ILE 
WARNING: Unrecognized atom name  CD  from residue ILE 
WARNING: Unrecognized atom name  O1  from residue ALA 
WARNING: Unrecognized atom name  O2  from residue ALA 
6451 atoms selected from 796 residues.

Found 1 elements of secondary structure and 2 chains.
0 CONRECS used.
Checking for disulphide bridges . . . 
Disulphide bond between /A0336hCYS SG  and /A0361hCYS SG .
Disulphide bond between /A0379hCYS SG  and /A0432hCYS SG .
Disulphide bond between /A0391hCYS SG  and /A0525hCYS SG .
Disulphide bond between /A0480hCYS SG  and /A0488hCYS SG .
Disulphide bond between /B0133hCYS SG  and /B0141hCYS SG .
Disulphide bond between /B0530hCYS SG  and /B0542hCYS SG .
6 disulphide bonds found.


Adding Polar Hydrogens.
Opened output file "./7mjn_alpha_afterMD.nnb".
Checking for hydrogen bonds . . . 
20872 neighbour interactions found.
HBPLUS Hydrogen Bond Calculator v 3.2            Dec 03 11:02:38 CST 2021
(c) I McDonald, D Naylor, D Jones and J Thornton 1993 All Rights Reserved.

Configured for 100000 atoms and 24000 residues.

Criteria

Minimum Angles; DHA 90.00, HAAA 90.00, DAAA 90.00
Maximum Distances; D-A 3.3, H-A 2.7, S-S 3.0
Maximum angles at aromatic acceptors DAAX 20.00, HAAAX 20.00
Minimum covalent separation 3 Covalent bonds


Processing file "7mjn_alpha_afterMD.pdb" . . .
Opening "7mjn_alpha_afterMD.pdb" for protein co-ordinates. . .

	Hydrogens Recognized in Brookhaven File
WARNING: Unrecognized atom name  CD  from residue ILE 
WARNING: Unrecognized atom name  CD  from residue ILE 
WARNING: Unrecognized atom name  CD  from residue ILE 
WARNING: Unrecognized atom name  CD  from residue ILE 
WARNING: Unrecognized atom name  CD  from residue ILE 
WARNING: Unrecognized atom name  CD  from residue ILE 
WARNING: Unrecognized atom name  CD  from residue ILE 
WARNING: Unrecognized atom name  CD  from residue ILE 
WARNING: Unrecognized atom name  O1  from residue SER 
WARNING: Unrecognized atom name  O2  from residue SER 
WARNING: Unrecognized atom name  CD  from residue ILE 
WARNING: Unrecognized atom name  CD  from residue ILE 
WARNING: Unrecognized atom name  CD  from residue ILE 
WARNING: Unrecognized atom name  CD  from residue ILE 
WARNING: Unrecognized atom name  CD  from residue ILE 
WARNING: Unrecognized atom name  CD  from residue ILE 
WARNING: Unrecognized atom name  CD  from residue ILE 
WARNING: Unrecognized atom name  CD  from residue ILE 
WARNING: Unrecognized atom name  CD  from residue ILE 
WARNING: Unrecognized atom name  CD  from residue ILE 
WARNING: Unrecognized atom name  CD  from residue ILE 
WARNING: Unrecognized atom name  CD  from residue ILE 
WARNING: Unrecognized atom name  CD  from residue ILE 
WARNING: Unrecognized atom name  CD  from residue ILE 
WARNING: Unrecognized atom name  CD  from residue ILE 
WARNING: Unrecognized atom name  CD  from residue ILE 
WARNING: Unrecognized atom name  CD  from residue ILE 
WARNING: Unrecognized atom name  CD  from residue ILE 
WARNING: Unrecognized atom name  CD  from residue ILE 
WARNING: Unrecognized atom name  CD  from residue ILE 
WARNING: Unrecognized atom name  CD  from residue ILE 
WARNING: Unrecognized atom name  CD  from residue ILE 
WARNING: Unrecognized atom name  O1  from residue ALA 
WARNING: Unrecognized atom name  O2  from residue ALA 
6451 atoms selected from 796 residues.

Found 1 elements of secondary structure and 2 chains.
0 CONRECS used.
Checking for disulphide bridges . . . 
Disulphide bond between /A0336hCYS SG  and /A0361hCYS SG .
Disulphide bond between /A0379hCYS SG  and /A0432hCYS SG .
Disulphide bond between /A0391hCYS SG  and /A0525hCYS SG .
Disulphide bond between /A0480hCYS SG  and /A0488hCYS SG .
Disulphide bond between /B0133hCYS SG  and /B0141hCYS SG .
Disulphide bond between /B0530hCYS SG  and /B0542hCYS SG .
6 disulphide bonds found.


Adding Polar Hydrogens.
Opened output file "./7mjn_alpha_afterMD.hhb".
Checking for hydrogen bonds . . . 
714 hydrogen bonds found.


  Opening PDB file [7mjn_alpha_afterMD.pdb] ...
  Reading through PDB file ...

Reading in hydrogen bonds from file 7mjn_alpha_afterMD.hhb ....
.... and non-bonded contacts from file 7mjn_alpha_afterMD.nnb

Number of residues written out:     52,  Atoms:    590
Loop:    1. Current score 3171
Loop:    2. Current score 3510
Loop:    3. Current score 3150
Loop:    4. Current score 2494
Loop:    5. Current score 2422
Loop:    6. Current score 2018
Loop:    7. Current score 2631
Loop:    8. Current score 1897
Loop:    9. Current score 1672
Loop:   10. Current score 1671
Alignment score at start = 5024 and at end = 1671
