['6m0j_omicron_BA.4_5_beforeMD.pdb']
  Opening PDB file [6m0j_omicron_BA.4_5_beforeMD.pdb] ...

    Searching for HET groups in PDB file ...

      Number of HET residues read in        =       0
      Number of atom records stored         =       0
      Number of CONECT details stored       =       0

  Opening HET Group Dictionary ...

    Scanning HET Group Dictionary ...

      Number of dictionary entries read in  =       0
  Opening output bonds file, ./hbadd.bonds ...
HBPLUS Hydrogen Bond Calculator v 3.2            Jun 26 15:33:36 CST 2022
(c) I McDonald, D Naylor, D Jones and J Thornton 1993 All Rights Reserved.

Configured for 100000 atoms and 24000 residues.

Criteria

Neighbour interactions, max atom-atom separation 3.9
Minimum covalent separation 3 Covalent bonds


Processing file "6m0j_omicron_BA.4_5_beforeMD.pdb" . . .
Opening "6m0j_omicron_BA.4_5_beforeMD.pdb" for protein co-ordinates. . .

	Hydrogens Recognized in Brookhaven File
WARNING: Unrecognized atom name  CD  from residue ILE 
WARNING: Unrecognized atom name  CD  from residue ILE 
WARNING: Unrecognized atom name  CD  from residue ILE 
WARNING: Unrecognized atom name  CD  from residue ILE 
WARNING: Unrecognized atom name  CD  from residue ILE 
WARNING: Unrecognized atom name  CD  from residue ILE 
WARNING: Unrecognized atom name  CD  from residue ILE 
WARNING: Unrecognized atom name  CD  from residue ILE 
WARNING: Unrecognized atom name  CD  from residue ILE 
WARNING: Unrecognized atom name  CD  from residue ILE 
WARNING: Unrecognized atom name  CD  from residue ILE 
WARNING: Unrecognized atom name  CD  from residue ILE 
WARNING: Unrecognized atom name  CD  from residue ILE 
WARNING: Unrecognized atom name  CD  from residue ILE 
WARNING: Unrecognized atom name  CD  from residue ILE 
WARNING: Unrecognized atom name  CD  from residue ILE 
WARNING: Unrecognized atom name  CD  from residue ILE 
WARNING: Unrecognized atom name  CD  from residue ILE 
WARNING: Unrecognized atom name  CD  from residue ILE 
WARNING: Unrecognized atom name  CD  from residue ILE 
WARNING: Unrecognized atom name  CD  from residue ILE 
WARNING: Unrecognized atom name  CD  from residue ILE 
WARNING: Unrecognized atom name  O1  from residue ASP 
WARNING: Unrecognized atom name  O2  from residue ASP 
WARNING: Unrecognized atom name  CD  from residue ILE 
WARNING: Unrecognized atom name  CD  from residue ILE 
WARNING: Unrecognized atom name  CD  from residue ILE 
WARNING: Unrecognized atom name  CD  from residue ILE 
WARNING: Unrecognized atom name  CD  from residue ILE 
WARNING: Unrecognized atom name  CD  from residue ILE 
WARNING: Unrecognized atom name  CD  from residue ILE 
WARNING: Unrecognized atom name  O1  from residue GLY 
WARNING: Unrecognized atom name  O2  from residue GLY 
6419 atoms selected from 791 residues.

Found 1 elements of secondary structure and 2 chains.
0 CONRECS used.
Checking for disulphide bridges . . . 
Disulphide bond between /A0133hCYS SG  and /A0141hCYS SG .
Disulphide bond between /A0344hCYS SG  and /A0361hCYS SG .
Disulphide bond between /A0530hCYS SG  and /A0542hCYS SG .
Disulphide bond between /B0336hCYS SG  and /B0361hCYS SG .
Disulphide bond between /B0379hCYS SG  and /B0432hCYS SG .
Disulphide bond between /B0391hCYS SG  and /B0525hCYS SG .
Disulphide bond between /B0480hCYS SG  and /B0488hCYS SG .
7 disulphide bonds found.


Adding Polar Hydrogens.
Opened output file "./6m0j_omicron_BA.4_5_beforeMD.nnb".
Checking for hydrogen bonds . . . 
20801 neighbour interactions found.
HBPLUS Hydrogen Bond Calculator v 3.2            Jun 26 15:33:36 CST 2022
(c) I McDonald, D Naylor, D Jones and J Thornton 1993 All Rights Reserved.

Configured for 100000 atoms and 24000 residues.

Criteria

Minimum Angles; DHA 90.00, HAAA 90.00, DAAA 90.00
Maximum Distances; D-A 3.3, H-A 2.7, S-S 3.0
Maximum angles at aromatic acceptors DAAX 20.00, HAAAX 20.00
Minimum covalent separation 3 Covalent bonds


Processing file "6m0j_omicron_BA.4_5_beforeMD.pdb" . . .
Opening "6m0j_omicron_BA.4_5_beforeMD.pdb" for protein co-ordinates. . .

	Hydrogens Recognized in Brookhaven File
WARNING: Unrecognized atom name  CD  from residue ILE 
WARNING: Unrecognized atom name  CD  from residue ILE 
WARNING: Unrecognized atom name  CD  from residue ILE 
WARNING: Unrecognized atom name  CD  from residue ILE 
WARNING: Unrecognized atom name  CD  from residue ILE 
WARNING: Unrecognized atom name  CD  from residue ILE 
WARNING: Unrecognized atom name  CD  from residue ILE 
WARNING: Unrecognized atom name  CD  from residue ILE 
WARNING: Unrecognized atom name  CD  from residue ILE 
WARNING: Unrecognized atom name  CD  from residue ILE 
WARNING: Unrecognized atom name  CD  from residue ILE 
WARNING: Unrecognized atom name  CD  from residue ILE 
WARNING: Unrecognized atom name  CD  from residue ILE 
WARNING: Unrecognized atom name  CD  from residue ILE 
WARNING: Unrecognized atom name  CD  from residue ILE 
WARNING: Unrecognized atom name  CD  from residue ILE 
WARNING: Unrecognized atom name  CD  from residue ILE 
WARNING: Unrecognized atom name  CD  from residue ILE 
WARNING: Unrecognized atom name  CD  from residue ILE 
WARNING: Unrecognized atom name  CD  from residue ILE 
WARNING: Unrecognized atom name  CD  from residue ILE 
WARNING: Unrecognized atom name  CD  from residue ILE 
WARNING: Unrecognized atom name  O1  from residue ASP 
WARNING: Unrecognized atom name  O2  from residue ASP 
WARNING: Unrecognized atom name  CD  from residue ILE 
WARNING: Unrecognized atom name  CD  from residue ILE 
WARNING: Unrecognized atom name  CD  from residue ILE 
WARNING: Unrecognized atom name  CD  from residue ILE 
WARNING: Unrecognized atom name  CD  from residue ILE 
WARNING: Unrecognized atom name  CD  from residue ILE 
WARNING: Unrecognized atom name  CD  from residue ILE 
WARNING: Unrecognized atom name  O1  from residue GLY 
WARNING: Unrecognized atom name  O2  from residue GLY 
6419 atoms selected from 791 residues.

Found 1 elements of secondary structure and 2 chains.
0 CONRECS used.
Checking for disulphide bridges . . . 
Disulphide bond between /A0133hCYS SG  and /A0141hCYS SG .
Disulphide bond between /A0344hCYS SG  and /A0361hCYS SG .
Disulphide bond between /A0530hCYS SG  and /A0542hCYS SG .
Disulphide bond between /B0336hCYS SG  and /B0361hCYS SG .
Disulphide bond between /B0379hCYS SG  and /B0432hCYS SG .
Disulphide bond between /B0391hCYS SG  and /B0525hCYS SG .
Disulphide bond between /B0480hCYS SG  and /B0488hCYS SG .
7 disulphide bonds found.


Adding Polar Hydrogens.
Opened output file "./6m0j_omicron_BA.4_5_beforeMD.hhb".
Checking for hydrogen bonds . . . 
736 hydrogen bonds found.


  Opening PDB file [6m0j_omicron_BA.4_5_beforeMD.pdb] ...
  Reading through PDB file ...

Reading in hydrogen bonds from file 6m0j_omicron_BA.4_5_beforeMD.hhb ....
.... and non-bonded contacts from file 6m0j_omicron_BA.4_5_beforeMD.nnb

Number of residues written out:     31,  Atoms:    376
Loop:    1. Current score 2007
Loop:    2. Current score 1114
Loop:    3. Current score 1123
Loop:    4. Current score 1276
Loop:    5. Current score 1099
Loop:    6. Current score 1089
Loop:    7. Current score 1008
Loop:    8. Current score 899
Loop:    9. Current score 628
Loop:   10. Current score 817
Alignment score at start = 1309 and at end = 817
