['7a91_deltaplus_afterMD.pdb']
  Opening PDB file [7a91_deltaplus_afterMD.pdb] ...

    Searching for HET groups in PDB file ...

      Number of HET residues read in        =       0
      Number of atom records stored         =       0
      Number of CONECT details stored       =       0

  Opening HET Group Dictionary ...

    Scanning HET Group Dictionary ...

      Number of dictionary entries read in  =       0
  Opening output bonds file, ./hbadd.bonds ...
HBPLUS Hydrogen Bond Calculator v 3.2            Nov 27 16:03:49 CST 2021
(c) I McDonald, D Naylor, D Jones and J Thornton 1993 All Rights Reserved.

Configured for 100000 atoms and 24000 residues.

Criteria

Neighbour interactions, max atom-atom separation 3.9
Minimum covalent separation 3 Covalent bonds


Processing file "7a91_deltaplus_afterMD.pdb" . . .
Opening "7a91_deltaplus_afterMD.pdb" for protein co-ordinates. . .

	Hydrogens Recognized in Brookhaven File
WARNING: Unrecognized atom name  CD  from residue ILE 
WARNING: Unrecognized atom name  CD  from residue ILE 
WARNING: Unrecognized atom name  CD  from residue ILE 
WARNING: Unrecognized atom name  CD  from residue ILE 
WARNING: Unrecognized atom name  CD  from residue ILE 
WARNING: Unrecognized atom name  CD  from residue ILE 
WARNING: Unrecognized atom name  CD  from residue ILE 
WARNING: Unrecognized atom name  CD  from residue ILE 
WARNING: Unrecognized atom name  CD  from residue ILE 
WARNING: Unrecognized atom name  CD  from residue ILE 
WARNING: Unrecognized atom name  CD  from residue ILE 
WARNING: Unrecognized atom name  CD  from residue ILE 
WARNING: Unrecognized atom name  CD  from residue ILE 
WARNING: Unrecognized atom name  CD  from residue ILE 
WARNING: Unrecognized atom name  CD  from residue ILE 
WARNING: Unrecognized atom name  CD  from residue ILE 
WARNING: Unrecognized atom name  CD  from residue ILE 
WARNING: Unrecognized atom name  CD  from residue ILE 
WARNING: Unrecognized atom name  CD  from residue ILE 
WARNING: Unrecognized atom name  CD  from residue ILE 
WARNING: Unrecognized atom name  CD  from residue ILE 
WARNING: Unrecognized atom name  CD  from residue ILE 
WARNING: Unrecognized atom name  O1  from residue TYR 
WARNING: Unrecognized atom name  O2  from residue TYR 
WARNING: Unrecognized atom name  CD  from residue ILE 
WARNING: Unrecognized atom name  CD  from residue ILE 
WARNING: Unrecognized atom name  CD  from residue ILE 
WARNING: Unrecognized atom name  CD  from residue ILE 
WARNING: Unrecognized atom name  CD  from residue ILE 
WARNING: Unrecognized atom name  CD  from residue ILE 
WARNING: Unrecognized atom name  CD  from residue ILE 
WARNING: Unrecognized atom name  CD  from residue ILE 
WARNING: Unrecognized atom name  CD  from residue ILE 
WARNING: Unrecognized atom name  O1  from residue SER 
WARNING: Unrecognized atom name  O2  from residue SER 
6642 atoms selected from 821 residues.

Found 1 elements of secondary structure and 2 chains.
0 CONRECS used.
Checking for disulphide bridges . . . 
Disulphide bond between /A0133hCYS SG  and /A0141hCYS SG .
Disulphide bond between /A0344hCYS SG  and /A0361hCYS SG .
Disulphide bond between /A0530hCYS SG  and /A0542hCYS SG .
Disulphide bond between /B0336hCYS SG  and /B0361hCYS SG .
Disulphide bond between /B0379hCYS SG  and /B0432hCYS SG .
Disulphide bond between /B0391hCYS SG  and /B0525hCYS SG .
Disulphide bond between /B0480hCYS SG  and /B0488hCYS SG .
7 disulphide bonds found.


Adding Polar Hydrogens.
Opened output file "./7a91_deltaplus_afterMD.nnb".
Checking for hydrogen bonds . . . 
WARNING: 152.30A between /B0536hASN CA  and /B0536hASN N   ((D..)A-AA bond).
WARNING: 152.30A between /B0536hASN N   and /B0536hASN CA  ((H..)A-AA).
WARNING: 152.30A between /B0536hASN N   and /B0536hASN CA  ((D..)A-AA bond).
WARNING: 152.30A between /B0536hASN N   and /B0536hASN CA  ((D..)A-AA bond).
WARNING: 152.30A between /B0536hASN CA  and /B0536hASN N   ((H..)A-AA).
WARNING: 153.87A between /B0537hLYS CG  and /B0537hLYS CB  ((D..)A-AA bond).
WARNING: 153.87A between /B0537hLYS CG  and /B0537hLYS CB  ((D..)A-AA bond).
WARNING: 153.87A between /B0537hLYS CB  and /B0537hLYS CG  ((H..)A-AA).
WARNING: 153.87A between /B0537hLYS CB  and /B0537hLYS CG  ((D..)A-AA bond).
WARNING: 153.87A between /B0537hLYS CG  and /B0537hLYS CB  ((H..)A-AA).
20958 neighbour interactions found.
HBPLUS Hydrogen Bond Calculator v 3.2            Nov 27 16:03:50 CST 2021
(c) I McDonald, D Naylor, D Jones and J Thornton 1993 All Rights Reserved.

Configured for 100000 atoms and 24000 residues.

Criteria

Minimum Angles; DHA 90.00, HAAA 90.00, DAAA 90.00
Maximum Distances; D-A 3.3, H-A 2.7, S-S 3.0
Maximum angles at aromatic acceptors DAAX 20.00, HAAAX 20.00
Minimum covalent separation 3 Covalent bonds


Processing file "7a91_deltaplus_afterMD.pdb" . . .
Opening "7a91_deltaplus_afterMD.pdb" for protein co-ordinates. . .

	Hydrogens Recognized in Brookhaven File
WARNING: Unrecognized atom name  CD  from residue ILE 
WARNING: Unrecognized atom name  CD  from residue ILE 
WARNING: Unrecognized atom name  CD  from residue ILE 
WARNING: Unrecognized atom name  CD  from residue ILE 
WARNING: Unrecognized atom name  CD  from residue ILE 
WARNING: Unrecognized atom name  CD  from residue ILE 
WARNING: Unrecognized atom name  CD  from residue ILE 
WARNING: Unrecognized atom name  CD  from residue ILE 
WARNING: Unrecognized atom name  CD  from residue ILE 
WARNING: Unrecognized atom name  CD  from residue ILE 
WARNING: Unrecognized atom name  CD  from residue ILE 
WARNING: Unrecognized atom name  CD  from residue ILE 
WARNING: Unrecognized atom name  CD  from residue ILE 
WARNING: Unrecognized atom name  CD  from residue ILE 
WARNING: Unrecognized atom name  CD  from residue ILE 
WARNING: Unrecognized atom name  CD  from residue ILE 
WARNING: Unrecognized atom name  CD  from residue ILE 
WARNING: Unrecognized atom name  CD  from residue ILE 
WARNING: Unrecognized atom name  CD  from residue ILE 
WARNING: Unrecognized atom name  CD  from residue ILE 
WARNING: Unrecognized atom name  CD  from residue ILE 
WARNING: Unrecognized atom name  CD  from residue ILE 
WARNING: Unrecognized atom name  O1  from residue TYR 
WARNING: Unrecognized atom name  O2  from residue TYR 
WARNING: Unrecognized atom name  CD  from residue ILE 
WARNING: Unrecognized atom name  CD  from residue ILE 
WARNING: Unrecognized atom name  CD  from residue ILE 
WARNING: Unrecognized atom name  CD  from residue ILE 
WARNING: Unrecognized atom name  CD  from residue ILE 
WARNING: Unrecognized atom name  CD  from residue ILE 
WARNING: Unrecognized atom name  CD  from residue ILE 
WARNING: Unrecognized atom name  CD  from residue ILE 
WARNING: Unrecognized atom name  CD  from residue ILE 
WARNING: Unrecognized atom name  O1  from residue SER 
WARNING: Unrecognized atom name  O2  from residue SER 
6642 atoms selected from 821 residues.

Found 1 elements of secondary structure and 2 chains.
0 CONRECS used.
Checking for disulphide bridges . . . 
Disulphide bond between /A0133hCYS SG  and /A0141hCYS SG .
Disulphide bond between /A0344hCYS SG  and /A0361hCYS SG .
Disulphide bond between /A0530hCYS SG  and /A0542hCYS SG .
Disulphide bond between /B0336hCYS SG  and /B0361hCYS SG .
Disulphide bond between /B0379hCYS SG  and /B0432hCYS SG .
Disulphide bond between /B0391hCYS SG  and /B0525hCYS SG .
Disulphide bond between /B0480hCYS SG  and /B0488hCYS SG .
7 disulphide bonds found.


Adding Polar Hydrogens.
Opened output file "./7a91_deltaplus_afterMD.hhb".
Checking for hydrogen bonds . . . 
688 hydrogen bonds found.


  Opening PDB file [7a91_deltaplus_afterMD.pdb] ...
  Reading through PDB file ...

Reading in hydrogen bonds from file 7a91_deltaplus_afterMD.hhb ....
.... and non-bonded contacts from file 7a91_deltaplus_afterMD.nnb

Number of residues written out:     53,  Atoms:    591
Loop:    1. Current score 3994
Loop:    2. Current score 4690
Loop:    3. Current score 3327
Loop:    4. Current score 4149
Loop:    5. Current score 3013
Loop:    6. Current score 2522
Loop:    7. Current score 1949
Loop:    8. Current score 2075
Loop:    9. Current score 1732
Loop:   10. Current score 1732
Alignment score at start = 6988 and at end = 1732
['7a91_deltaplus_afterMD.pdb']
  Opening PDB file [7a91_deltaplus_afterMD.pdb] ...

    Searching for HET groups in PDB file ...

      Number of HET residues read in        =       0
      Number of atom records stored         =       0
      Number of CONECT details stored       =       0

  Opening HET Group Dictionary ...

    Scanning HET Group Dictionary ...

      Number of dictionary entries read in  =       0
  Opening output bonds file, ./hbadd.bonds ...
HBPLUS Hydrogen Bond Calculator v 3.2            Nov 29 21:07:45 CST 2021
(c) I McDonald, D Naylor, D Jones and J Thornton 1993 All Rights Reserved.

Configured for 100000 atoms and 24000 residues.

Criteria

Neighbour interactions, max atom-atom separation 3.9
Minimum covalent separation 3 Covalent bonds


Processing file "7a91_deltaplus_afterMD.pdb" . . .
Opening "7a91_deltaplus_afterMD.pdb" for protein co-ordinates. . .

	Hydrogens Recognized in Brookhaven File
WARNING: Unrecognized atom name  CD  from residue ILE 
WARNING: Unrecognized atom name  CD  from residue ILE 
WARNING: Unrecognized atom name  CD  from residue ILE 
WARNING: Unrecognized atom name  CD  from residue ILE 
WARNING: Unrecognized atom name  CD  from residue ILE 
WARNING: Unrecognized atom name  CD  from residue ILE 
WARNING: Unrecognized atom name  CD  from residue ILE 
WARNING: Unrecognized atom name  CD  from residue ILE 
WARNING: Unrecognized atom name  CD  from residue ILE 
WARNING: Unrecognized atom name  CD  from residue ILE 
WARNING: Unrecognized atom name  CD  from residue ILE 
WARNING: Unrecognized atom name  CD  from residue ILE 
WARNING: Unrecognized atom name  CD  from residue ILE 
WARNING: Unrecognized atom name  CD  from residue ILE 
WARNING: Unrecognized atom name  CD  from residue ILE 
WARNING: Unrecognized atom name  CD  from residue ILE 
WARNING: Unrecognized atom name  CD  from residue ILE 
WARNING: Unrecognized atom name  CD  from residue ILE 
WARNING: Unrecognized atom name  CD  from residue ILE 
WARNING: Unrecognized atom name  CD  from residue ILE 
WARNING: Unrecognized atom name  CD  from residue ILE 
WARNING: Unrecognized atom name  CD  from residue ILE 
WARNING: Unrecognized atom name  O1  from residue TYR 
WARNING: Unrecognized atom name  O2  from residue TYR 
WARNING: Unrecognized atom name  CD  from residue ILE 
WARNING: Unrecognized atom name  CD  from residue ILE 
WARNING: Unrecognized atom name  CD  from residue ILE 
WARNING: Unrecognized atom name  CD  from residue ILE 
WARNING: Unrecognized atom name  CD  from residue ILE 
WARNING: Unrecognized atom name  CD  from residue ILE 
WARNING: Unrecognized atom name  CD  from residue ILE 
WARNING: Unrecognized atom name  CD  from residue ILE 
WARNING: Unrecognized atom name  CD  from residue ILE 
WARNING: Unrecognized atom name  O1  from residue SER 
WARNING: Unrecognized atom name  O2  from residue SER 
6642 atoms selected from 821 residues.

Found 1 elements of secondary structure and 2 chains.
0 CONRECS used.
Checking for disulphide bridges . . . 
Disulphide bond between /A0133hCYS SG  and /A0141hCYS SG .
Disulphide bond between /A0344hCYS SG  and /A0361hCYS SG .
Disulphide bond between /A0530hCYS SG  and /A0542hCYS SG .
Disulphide bond between /B0336hCYS SG  and /B0361hCYS SG .
Disulphide bond between /B0379hCYS SG  and /B0432hCYS SG .
Disulphide bond between /B0391hCYS SG  and /B0525hCYS SG .
Disulphide bond between /B0480hCYS SG  and /B0488hCYS SG .
7 disulphide bonds found.


Adding Polar Hydrogens.
Opened output file "./7a91_deltaplus_afterMD.nnb".
Checking for hydrogen bonds . . . 
WARNING: 152.30A between /B0536hASN CA  and /B0536hASN N   ((D..)A-AA bond).
WARNING: 152.30A between /B0536hASN N   and /B0536hASN CA  ((H..)A-AA).
WARNING: 152.30A between /B0536hASN N   and /B0536hASN CA  ((D..)A-AA bond).
WARNING: 152.30A between /B0536hASN N   and /B0536hASN CA  ((D..)A-AA bond).
WARNING: 152.30A between /B0536hASN CA  and /B0536hASN N   ((H..)A-AA).
WARNING: 153.87A between /B0537hLYS CG  and /B0537hLYS CB  ((D..)A-AA bond).
WARNING: 153.87A between /B0537hLYS CG  and /B0537hLYS CB  ((D..)A-AA bond).
WARNING: 153.87A between /B0537hLYS CB  and /B0537hLYS CG  ((H..)A-AA).
WARNING: 153.87A between /B0537hLYS CB  and /B0537hLYS CG  ((D..)A-AA bond).
WARNING: 153.87A between /B0537hLYS CG  and /B0537hLYS CB  ((H..)A-AA).
20958 neighbour interactions found.
HBPLUS Hydrogen Bond Calculator v 3.2            Nov 29 21:07:45 CST 2021
(c) I McDonald, D Naylor, D Jones and J Thornton 1993 All Rights Reserved.

Configured for 100000 atoms and 24000 residues.

Criteria

Minimum Angles; DHA 90.00, HAAA 90.00, DAAA 90.00
Maximum Distances; D-A 3.3, H-A 2.7, S-S 3.0
Maximum angles at aromatic acceptors DAAX 20.00, HAAAX 20.00
Minimum covalent separation 3 Covalent bonds


Processing file "7a91_deltaplus_afterMD.pdb" . . .
Opening "7a91_deltaplus_afterMD.pdb" for protein co-ordinates. . .

	Hydrogens Recognized in Brookhaven File
WARNING: Unrecognized atom name  CD  from residue ILE 
WARNING: Unrecognized atom name  CD  from residue ILE 
WARNING: Unrecognized atom name  CD  from residue ILE 
WARNING: Unrecognized atom name  CD  from residue ILE 
WARNING: Unrecognized atom name  CD  from residue ILE 
WARNING: Unrecognized atom name  CD  from residue ILE 
WARNING: Unrecognized atom name  CD  from residue ILE 
WARNING: Unrecognized atom name  CD  from residue ILE 
WARNING: Unrecognized atom name  CD  from residue ILE 
WARNING: Unrecognized atom name  CD  from residue ILE 
WARNING: Unrecognized atom name  CD  from residue ILE 
WARNING: Unrecognized atom name  CD  from residue ILE 
WARNING: Unrecognized atom name  CD  from residue ILE 
WARNING: Unrecognized atom name  CD  from residue ILE 
WARNING: Unrecognized atom name  CD  from residue ILE 
WARNING: Unrecognized atom name  CD  from residue ILE 
WARNING: Unrecognized atom name  CD  from residue ILE 
WARNING: Unrecognized atom name  CD  from residue ILE 
WARNING: Unrecognized atom name  CD  from residue ILE 
WARNING: Unrecognized atom name  CD  from residue ILE 
WARNING: Unrecognized atom name  CD  from residue ILE 
WARNING: Unrecognized atom name  CD  from residue ILE 
WARNING: Unrecognized atom name  O1  from residue TYR 
WARNING: Unrecognized atom name  O2  from residue TYR 
WARNING: Unrecognized atom name  CD  from residue ILE 
WARNING: Unrecognized atom name  CD  from residue ILE 
WARNING: Unrecognized atom name  CD  from residue ILE 
WARNING: Unrecognized atom name  CD  from residue ILE 
WARNING: Unrecognized atom name  CD  from residue ILE 
WARNING: Unrecognized atom name  CD  from residue ILE 
WARNING: Unrecognized atom name  CD  from residue ILE 
WARNING: Unrecognized atom name  CD  from residue ILE 
WARNING: Unrecognized atom name  CD  from residue ILE 
WARNING: Unrecognized atom name  O1  from residue SER 
WARNING: Unrecognized atom name  O2  from residue SER 
6642 atoms selected from 821 residues.

Found 1 elements of secondary structure and 2 chains.
0 CONRECS used.
Checking for disulphide bridges . . . 
Disulphide bond between /A0133hCYS SG  and /A0141hCYS SG .
Disulphide bond between /A0344hCYS SG  and /A0361hCYS SG .
Disulphide bond between /A0530hCYS SG  and /A0542hCYS SG .
Disulphide bond between /B0336hCYS SG  and /B0361hCYS SG .
Disulphide bond between /B0379hCYS SG  and /B0432hCYS SG .
Disulphide bond between /B0391hCYS SG  and /B0525hCYS SG .
Disulphide bond between /B0480hCYS SG  and /B0488hCYS SG .
7 disulphide bonds found.


Adding Polar Hydrogens.
Opened output file "./7a91_deltaplus_afterMD.hhb".
Checking for hydrogen bonds . . . 
688 hydrogen bonds found.


  Opening PDB file [7a91_deltaplus_afterMD.pdb] ...
  Reading through PDB file ...

Reading in hydrogen bonds from file 7a91_deltaplus_afterMD.hhb ....
.... and non-bonded contacts from file 7a91_deltaplus_afterMD.nnb

Number of residues written out:     53,  Atoms:    591
Loop:    1. Current score 3994
Loop:    2. Current score 4690
Loop:    3. Current score 3327
Loop:    4. Current score 4149
Loop:    5. Current score 3013
Loop:    6. Current score 2522
Loop:    7. Current score 1949
Loop:    8. Current score 2075
Loop:    9. Current score 1732
Loop:   10. Current score 1732
Alignment score at start = 6988 and at end = 1732
['7a91_deltaplus_afterMD.pdb']
  Opening PDB file [7a91_deltaplus_afterMD.pdb] ...

    Searching for HET groups in PDB file ...

      Number of HET residues read in        =       0
      Number of atom records stored         =       0
      Number of CONECT details stored       =       0

  Opening HET Group Dictionary ...

    Scanning HET Group Dictionary ...

      Number of dictionary entries read in  =       0
  Opening output bonds file, ./hbadd.bonds ...
HBPLUS Hydrogen Bond Calculator v 3.2            Nov 30 17:11:32 CST 2021
(c) I McDonald, D Naylor, D Jones and J Thornton 1993 All Rights Reserved.

Configured for 100000 atoms and 24000 residues.

Criteria

Neighbour interactions, max atom-atom separation 3.9
Minimum covalent separation 3 Covalent bonds


Processing file "7a91_deltaplus_afterMD.pdb" . . .
Opening "7a91_deltaplus_afterMD.pdb" for protein co-ordinates. . .

	Hydrogens Recognized in Brookhaven File
WARNING: Unrecognized atom name  CD  from residue ILE 
WARNING: Unrecognized atom name  CD  from residue ILE 
WARNING: Unrecognized atom name  CD  from residue ILE 
WARNING: Unrecognized atom name  CD  from residue ILE 
WARNING: Unrecognized atom name  CD  from residue ILE 
WARNING: Unrecognized atom name  CD  from residue ILE 
WARNING: Unrecognized atom name  CD  from residue ILE 
WARNING: Unrecognized atom name  CD  from residue ILE 
WARNING: Unrecognized atom name  CD  from residue ILE 
WARNING: Unrecognized atom name  CD  from residue ILE 
WARNING: Unrecognized atom name  CD  from residue ILE 
WARNING: Unrecognized atom name  CD  from residue ILE 
WARNING: Unrecognized atom name  CD  from residue ILE 
WARNING: Unrecognized atom name  CD  from residue ILE 
WARNING: Unrecognized atom name  CD  from residue ILE 
WARNING: Unrecognized atom name  CD  from residue ILE 
WARNING: Unrecognized atom name  CD  from residue ILE 
WARNING: Unrecognized atom name  CD  from residue ILE 
WARNING: Unrecognized atom name  CD  from residue ILE 
WARNING: Unrecognized atom name  CD  from residue ILE 
WARNING: Unrecognized atom name  CD  from residue ILE 
WARNING: Unrecognized atom name  CD  from residue ILE 
WARNING: Unrecognized atom name  O1  from residue TYR 
WARNING: Unrecognized atom name  O2  from residue TYR 
WARNING: Unrecognized atom name  CD  from residue ILE 
WARNING: Unrecognized atom name  CD  from residue ILE 
WARNING: Unrecognized atom name  CD  from residue ILE 
WARNING: Unrecognized atom name  CD  from residue ILE 
WARNING: Unrecognized atom name  CD  from residue ILE 
WARNING: Unrecognized atom name  CD  from residue ILE 
WARNING: Unrecognized atom name  CD  from residue ILE 
WARNING: Unrecognized atom name  CD  from residue ILE 
WARNING: Unrecognized atom name  CD  from residue ILE 
WARNING: Unrecognized atom name  O1  from residue SER 
WARNING: Unrecognized atom name  O2  from residue SER 
6642 atoms selected from 821 residues.

Found 1 elements of secondary structure and 2 chains.
0 CONRECS used.
Checking for disulphide bridges . . . 
Disulphide bond between /A0133hCYS SG  and /A0141hCYS SG .
Disulphide bond between /A0344hCYS SG  and /A0361hCYS SG .
Disulphide bond between /A0530hCYS SG  and /A0542hCYS SG .
Disulphide bond between /B0336hCYS SG  and /B0361hCYS SG .
Disulphide bond between /B0379hCYS SG  and /B0432hCYS SG .
Disulphide bond between /B0391hCYS SG  and /B0525hCYS SG .
Disulphide bond between /B0480hCYS SG  and /B0488hCYS SG .
7 disulphide bonds found.


Adding Polar Hydrogens.
Opened output file "./7a91_deltaplus_afterMD.nnb".
Checking for hydrogen bonds . . . 
WARNING: 152.30A between /B0536hASN CA  and /B0536hASN N   ((D..)A-AA bond).
WARNING: 152.30A between /B0536hASN N   and /B0536hASN CA  ((H..)A-AA).
WARNING: 152.30A between /B0536hASN N   and /B0536hASN CA  ((D..)A-AA bond).
WARNING: 152.30A between /B0536hASN N   and /B0536hASN CA  ((D..)A-AA bond).
WARNING: 152.30A between /B0536hASN CA  and /B0536hASN N   ((H..)A-AA).
WARNING: 153.87A between /B0537hLYS CG  and /B0537hLYS CB  ((D..)A-AA bond).
WARNING: 153.87A between /B0537hLYS CG  and /B0537hLYS CB  ((D..)A-AA bond).
WARNING: 153.87A between /B0537hLYS CB  and /B0537hLYS CG  ((H..)A-AA).
WARNING: 153.87A between /B0537hLYS CB  and /B0537hLYS CG  ((D..)A-AA bond).
WARNING: 153.87A between /B0537hLYS CG  and /B0537hLYS CB  ((H..)A-AA).
20958 neighbour interactions found.
HBPLUS Hydrogen Bond Calculator v 3.2            Nov 30 17:11:32 CST 2021
(c) I McDonald, D Naylor, D Jones and J Thornton 1993 All Rights Reserved.

Configured for 100000 atoms and 24000 residues.

Criteria

Minimum Angles; DHA 90.00, HAAA 90.00, DAAA 90.00
Maximum Distances; D-A 3.3, H-A 2.7, S-S 3.0
Maximum angles at aromatic acceptors DAAX 20.00, HAAAX 20.00
Minimum covalent separation 3 Covalent bonds


Processing file "7a91_deltaplus_afterMD.pdb" . . .
Opening "7a91_deltaplus_afterMD.pdb" for protein co-ordinates. . .

	Hydrogens Recognized in Brookhaven File
WARNING: Unrecognized atom name  CD  from residue ILE 
WARNING: Unrecognized atom name  CD  from residue ILE 
WARNING: Unrecognized atom name  CD  from residue ILE 
WARNING: Unrecognized atom name  CD  from residue ILE 
WARNING: Unrecognized atom name  CD  from residue ILE 
WARNING: Unrecognized atom name  CD  from residue ILE 
WARNING: Unrecognized atom name  CD  from residue ILE 
WARNING: Unrecognized atom name  CD  from residue ILE 
WARNING: Unrecognized atom name  CD  from residue ILE 
WARNING: Unrecognized atom name  CD  from residue ILE 
WARNING: Unrecognized atom name  CD  from residue ILE 
WARNING: Unrecognized atom name  CD  from residue ILE 
WARNING: Unrecognized atom name  CD  from residue ILE 
WARNING: Unrecognized atom name  CD  from residue ILE 
WARNING: Unrecognized atom name  CD  from residue ILE 
WARNING: Unrecognized atom name  CD  from residue ILE 
WARNING: Unrecognized atom name  CD  from residue ILE 
WARNING: Unrecognized atom name  CD  from residue ILE 
WARNING: Unrecognized atom name  CD  from residue ILE 
WARNING: Unrecognized atom name  CD  from residue ILE 
WARNING: Unrecognized atom name  CD  from residue ILE 
WARNING: Unrecognized atom name  CD  from residue ILE 
WARNING: Unrecognized atom name  O1  from residue TYR 
WARNING: Unrecognized atom name  O2  from residue TYR 
WARNING: Unrecognized atom name  CD  from residue ILE 
WARNING: Unrecognized atom name  CD  from residue ILE 
WARNING: Unrecognized atom name  CD  from residue ILE 
WARNING: Unrecognized atom name  CD  from residue ILE 
WARNING: Unrecognized atom name  CD  from residue ILE 
WARNING: Unrecognized atom name  CD  from residue ILE 
WARNING: Unrecognized atom name  CD  from residue ILE 
WARNING: Unrecognized atom name  CD  from residue ILE 
WARNING: Unrecognized atom name  CD  from residue ILE 
WARNING: Unrecognized atom name  O1  from residue SER 
WARNING: Unrecognized atom name  O2  from residue SER 
6642 atoms selected from 821 residues.

Found 1 elements of secondary structure and 2 chains.
0 CONRECS used.
Checking for disulphide bridges . . . 
Disulphide bond between /A0133hCYS SG  and /A0141hCYS SG .
Disulphide bond between /A0344hCYS SG  and /A0361hCYS SG .
Disulphide bond between /A0530hCYS SG  and /A0542hCYS SG .
Disulphide bond between /B0336hCYS SG  and /B0361hCYS SG .
Disulphide bond between /B0379hCYS SG  and /B0432hCYS SG .
Disulphide bond between /B0391hCYS SG  and /B0525hCYS SG .
Disulphide bond between /B0480hCYS SG  and /B0488hCYS SG .
7 disulphide bonds found.


Adding Polar Hydrogens.
Opened output file "./7a91_deltaplus_afterMD.hhb".
Checking for hydrogen bonds . . . 
688 hydrogen bonds found.


  Opening PDB file [7a91_deltaplus_afterMD.pdb] ...
  Reading through PDB file ...

Reading in hydrogen bonds from file 7a91_deltaplus_afterMD.hhb ....
.... and non-bonded contacts from file 7a91_deltaplus_afterMD.nnb

Number of residues written out:     53,  Atoms:    591
Loop:    1. Current score 3994
Loop:    2. Current score 4690
Loop:    3. Current score 3327
Loop:    4. Current score 4149
Loop:    5. Current score 3013
Loop:    6. Current score 2522
Loop:    7. Current score 1949
Loop:    8. Current score 2075
Loop:    9. Current score 1732
Loop:   10. Current score 1732
Alignment score at start = 6988 and at end = 1732
