['7a91_mu-R346K_beforeMD.pdb']
  Opening PDB file [7a91_mu-R346K_beforeMD.pdb] ...

    Searching for HET groups in PDB file ...

      Number of HET residues read in        =       0
      Number of atom records stored         =       0
      Number of CONECT details stored       =       0

  Opening HET Group Dictionary ...

    Scanning HET Group Dictionary ...

      Number of dictionary entries read in  =       0
  Opening output bonds file, ./hbadd.bonds ...
HBPLUS Hydrogen Bond Calculator v 3.2            Jun 26 15:51:43 CST 2022
(c) I McDonald, D Naylor, D Jones and J Thornton 1993 All Rights Reserved.

Configured for 100000 atoms and 24000 residues.

Criteria

Neighbour interactions, max atom-atom separation 3.9
Minimum covalent separation 3 Covalent bonds


Processing file "7a91_mu-R346K_beforeMD.pdb" . . .
Opening "7a91_mu-R346K_beforeMD.pdb" for protein co-ordinates. . .

	Hydrogens Recognized in Brookhaven File
WARNING: Unrecognized atom name  CD  from residue ILE 
WARNING: Unrecognized atom name  CD  from residue ILE 
WARNING: Unrecognized atom name  CD  from residue ILE 
WARNING: Unrecognized atom name  CD  from residue ILE 
WARNING: Unrecognized atom name  CD  from residue ILE 
WARNING: Unrecognized atom name  CD  from residue ILE 
WARNING: Unrecognized atom name  CD  from residue ILE 
WARNING: Unrecognized atom name  CD  from residue ILE 
WARNING: Unrecognized atom name  CD  from residue ILE 
WARNING: Unrecognized atom name  CD  from residue ILE 
WARNING: Unrecognized atom name  CD  from residue ILE 
WARNING: Unrecognized atom name  CD  from residue ILE 
WARNING: Unrecognized atom name  CD  from residue ILE 
WARNING: Unrecognized atom name  CD  from residue ILE 
WARNING: Unrecognized atom name  CD  from residue ILE 
WARNING: Unrecognized atom name  CD  from residue ILE 
WARNING: Unrecognized atom name  CD  from residue ILE 
WARNING: Unrecognized atom name  CD  from residue ILE 
WARNING: Unrecognized atom name  CD  from residue ILE 
WARNING: Unrecognized atom name  CD  from residue ILE 
WARNING: Unrecognized atom name  CD  from residue ILE 
WARNING: Unrecognized atom name  CD  from residue ILE 
WARNING: Unrecognized atom name  O1  from residue TYR 
WARNING: Unrecognized atom name  O2  from residue TYR 
WARNING: Unrecognized atom name  CD  from residue ILE 
WARNING: Unrecognized atom name  CD  from residue ILE 
WARNING: Unrecognized atom name  CD  from residue ILE 
WARNING: Unrecognized atom name  CD  from residue ILE 
WARNING: Unrecognized atom name  CD  from residue ILE 
WARNING: Unrecognized atom name  CD  from residue ILE 
WARNING: Unrecognized atom name  CD  from residue ILE 
WARNING: Unrecognized atom name  CD  from residue ILE 
WARNING: Unrecognized atom name  CD  from residue ILE 
WARNING: Unrecognized atom name  O1  from residue SER 
WARNING: Unrecognized atom name  O2  from residue SER 
6642 atoms selected from 821 residues.

Found 1 elements of secondary structure and 2 chains.
0 CONRECS used.
Checking for disulphide bridges . . . 
Disulphide bond between /A0133hCYS SG  and /A0141hCYS SG .
Disulphide bond between /A0344hCYS SG  and /A0361hCYS SG .
Disulphide bond between /A0530hCYS SG  and /A0542hCYS SG .
Disulphide bond between /B0336hCYS SG  and /B0361hCYS SG .
Disulphide bond between /B0379hCYS SG  and /B0432hCYS SG .
Disulphide bond between /B0391hCYS SG  and /B0525hCYS SG .
Disulphide bond between /B0480hCYS SG  and /B0488hCYS SG .
7 disulphide bonds found.


Adding Polar Hydrogens.
Opened output file "./7a91_mu-R346K_beforeMD.nnb".
Checking for hydrogen bonds . . . 
WARNING: 151.96A between /B0535hLYS O   and /B0535hLYS C   ((D..)A-AA bond).
WARNING: 151.96A between /B0535hLYS C   and /B0535hLYS O   ((H..)A-AA).
WARNING: 151.96A between /B0535hLYS C   and /B0535hLYS O   ((D..)A-AA bond).
WARNING: 151.96A between /B0535hLYS C   and /B0535hLYS O   ((D..)A-AA bond).
WARNING: 151.96A between /B0535hLYS C   and /B0535hLYS O   ((D..)A-AA bond).
WARNING: 151.96A between /B0535hLYS C   and /B0535hLYS O   ((D..)A-AA bond).
WARNING: 151.96A between /B0535hLYS C   and /B0535hLYS O   ((D..)A-AA bond).
WARNING: 151.85A between /B0536hASN CA  and /B0536hASN N   ((D..)A-AA bond).
WARNING: 151.85A between /B0536hASN N   and /B0536hASN CA  ((H..)A-AA).
WARNING: 151.85A between /B0536hASN CA  and /B0536hASN N   ((D..)A-AA bond).
WARNING: 151.85A between /B0536hASN N   and /B0536hASN CA  ((D..)A-AA bond).
WARNING: 151.85A between /B0536hASN N   and /B0536hASN CA  ((D..)A-AA bond).
WARNING: 151.85A between /B0536hASN CA  and /B0536hASN N   ((H..)A-AA).
WARNING: 151.50A between /B0537hLYS CG  and /B0537hLYS CB  ((D..)A-AA bond).
WARNING: 151.50A between /B0537hLYS CG  and /B0537hLYS CB  ((D..)A-AA bond).
WARNING: 151.50A between /B0537hLYS CB  and /B0537hLYS CG  ((H..)A-AA).
WARNING: 151.50A between /B0537hLYS CB  and /B0537hLYS CG  ((D..)A-AA bond).
WARNING: 151.50A between /B0537hLYS CG  and /B0537hLYS CB  ((H..)A-AA).
19786 neighbour interactions found.
HBPLUS Hydrogen Bond Calculator v 3.2            Jun 26 15:51:43 CST 2022
(c) I McDonald, D Naylor, D Jones and J Thornton 1993 All Rights Reserved.

Configured for 100000 atoms and 24000 residues.

Criteria

Minimum Angles; DHA 90.00, HAAA 90.00, DAAA 90.00
Maximum Distances; D-A 3.3, H-A 2.7, S-S 3.0
Maximum angles at aromatic acceptors DAAX 20.00, HAAAX 20.00
Minimum covalent separation 3 Covalent bonds


Processing file "7a91_mu-R346K_beforeMD.pdb" . . .
Opening "7a91_mu-R346K_beforeMD.pdb" for protein co-ordinates. . .

	Hydrogens Recognized in Brookhaven File
WARNING: Unrecognized atom name  CD  from residue ILE 
WARNING: Unrecognized atom name  CD  from residue ILE 
WARNING: Unrecognized atom name  CD  from residue ILE 
WARNING: Unrecognized atom name  CD  from residue ILE 
WARNING: Unrecognized atom name  CD  from residue ILE 
WARNING: Unrecognized atom name  CD  from residue ILE 
WARNING: Unrecognized atom name  CD  from residue ILE 
WARNING: Unrecognized atom name  CD  from residue ILE 
WARNING: Unrecognized atom name  CD  from residue ILE 
WARNING: Unrecognized atom name  CD  from residue ILE 
WARNING: Unrecognized atom name  CD  from residue ILE 
WARNING: Unrecognized atom name  CD  from residue ILE 
WARNING: Unrecognized atom name  CD  from residue ILE 
WARNING: Unrecognized atom name  CD  from residue ILE 
WARNING: Unrecognized atom name  CD  from residue ILE 
WARNING: Unrecognized atom name  CD  from residue ILE 
WARNING: Unrecognized atom name  CD  from residue ILE 
WARNING: Unrecognized atom name  CD  from residue ILE 
WARNING: Unrecognized atom name  CD  from residue ILE 
WARNING: Unrecognized atom name  CD  from residue ILE 
WARNING: Unrecognized atom name  CD  from residue ILE 
WARNING: Unrecognized atom name  CD  from residue ILE 
WARNING: Unrecognized atom name  O1  from residue TYR 
WARNING: Unrecognized atom name  O2  from residue TYR 
WARNING: Unrecognized atom name  CD  from residue ILE 
WARNING: Unrecognized atom name  CD  from residue ILE 
WARNING: Unrecognized atom name  CD  from residue ILE 
WARNING: Unrecognized atom name  CD  from residue ILE 
WARNING: Unrecognized atom name  CD  from residue ILE 
WARNING: Unrecognized atom name  CD  from residue ILE 
WARNING: Unrecognized atom name  CD  from residue ILE 
WARNING: Unrecognized atom name  CD  from residue ILE 
WARNING: Unrecognized atom name  CD  from residue ILE 
WARNING: Unrecognized atom name  O1  from residue SER 
WARNING: Unrecognized atom name  O2  from residue SER 
6642 atoms selected from 821 residues.

Found 1 elements of secondary structure and 2 chains.
0 CONRECS used.
Checking for disulphide bridges . . . 
Disulphide bond between /A0133hCYS SG  and /A0141hCYS SG .
Disulphide bond between /A0344hCYS SG  and /A0361hCYS SG .
Disulphide bond between /A0530hCYS SG  and /A0542hCYS SG .
Disulphide bond between /B0336hCYS SG  and /B0361hCYS SG .
Disulphide bond between /B0379hCYS SG  and /B0432hCYS SG .
Disulphide bond between /B0391hCYS SG  and /B0525hCYS SG .
Disulphide bond between /B0480hCYS SG  and /B0488hCYS SG .
7 disulphide bonds found.


Adding Polar Hydrogens.
Opened output file "./7a91_mu-R346K_beforeMD.hhb".
Checking for hydrogen bonds . . . 
616 hydrogen bonds found.


  Opening PDB file [7a91_mu-R346K_beforeMD.pdb] ...
  Reading through PDB file ...

Reading in hydrogen bonds from file 7a91_mu-R346K_beforeMD.hhb ....
.... and non-bonded contacts from file 7a91_mu-R346K_beforeMD.nnb

Number of residues written out:     37,  Atoms:    449
Loop:    1. Current score 1931
Loop:    2. Current score 1551
Loop:    3. Current score 1277
Loop:    4. Current score 1661
Loop:    5. Current score 972
Loop:    6. Current score 915
Loop:    7. Current score 1128
Loop:    8. Current score 711
Loop:    9. Current score 610
Loop:   10. Current score 625
Alignment score at start = 1485 and at end = 625
