['7v8b_delta_afterMD.pdb']
  Opening PDB file [7v8b_delta_afterMD.pdb] ...

    Searching for HET groups in PDB file ...

      Number of HET residues read in        =       0
      Number of atom records stored         =       0
      Number of CONECT details stored       =       0

  Opening HET Group Dictionary ...

    Scanning HET Group Dictionary ...

      Number of dictionary entries read in  =       0
  Opening output bonds file, ./hbadd.bonds ...
HBPLUS Hydrogen Bond Calculator v 3.2            Nov 27 16:06:33 CST 2021
(c) I McDonald, D Naylor, D Jones and J Thornton 1993 All Rights Reserved.

Configured for 100000 atoms and 24000 residues.

Criteria

Neighbour interactions, max atom-atom separation 3.9
Minimum covalent separation 3 Covalent bonds


Processing file "7v8b_delta_afterMD.pdb" . . .
Opening "7v8b_delta_afterMD.pdb" for protein co-ordinates. . .

	Hydrogens Recognized in Brookhaven File
WARNING: Unrecognized atom name  CD  from residue ILE 
WARNING: Unrecognized atom name  CD  from residue ILE 
WARNING: Unrecognized atom name  CD  from residue ILE 
WARNING: Unrecognized atom name  CD  from residue ILE 
WARNING: Unrecognized atom name  CD  from residue ILE 
WARNING: Unrecognized atom name  CD  from residue ILE 
WARNING: Unrecognized atom name  CD  from residue ILE 
WARNING: Unrecognized atom name  CD  from residue ILE 
WARNING: Unrecognized atom name  O1  from residue SER 
WARNING: Unrecognized atom name  O2  from residue SER 
WARNING: Unrecognized atom name  CD  from residue ILE 
WARNING: Unrecognized atom name  CD  from residue ILE 
WARNING: Unrecognized atom name  CD  from residue ILE 
WARNING: Unrecognized atom name  CD  from residue ILE 
WARNING: Unrecognized atom name  CD  from residue ILE 
WARNING: Unrecognized atom name  CD  from residue ILE 
WARNING: Unrecognized atom name  CD  from residue ILE 
WARNING: Unrecognized atom name  CD  from residue ILE 
WARNING: Unrecognized atom name  CD  from residue ILE 
WARNING: Unrecognized atom name  CD  from residue ILE 
WARNING: Unrecognized atom name  CD  from residue ILE 
WARNING: Unrecognized atom name  CD  from residue ILE 
WARNING: Unrecognized atom name  CD  from residue ILE 
WARNING: Unrecognized atom name  CD  from residue ILE 
WARNING: Unrecognized atom name  CD  from residue ILE 
WARNING: Unrecognized atom name  CD  from residue ILE 
WARNING: Unrecognized atom name  CD  from residue ILE 
WARNING: Unrecognized atom name  CD  from residue ILE 
WARNING: Unrecognized atom name  CD  from residue ILE 
WARNING: Unrecognized atom name  CD  from residue ILE 
WARNING: Unrecognized atom name  CD  from residue ILE 
WARNING: Unrecognized atom name  CD  from residue ILE 
WARNING: Unrecognized atom name  O1  from residue ALA 
WARNING: Unrecognized atom name  O2  from residue ALA 
6452 atoms selected from 796 residues.

Found 1 elements of secondary structure and 2 chains.
0 CONRECS used.
Checking for disulphide bridges . . . 
Disulphide bond between /A0336hCYS SG  and /A0361hCYS SG .
Disulphide bond between /A0379hCYS SG  and /A0432hCYS SG .
Disulphide bond between /A0391hCYS SG  and /A0525hCYS SG .
Disulphide bond between /A0480hCYS SG  and /A0488hCYS SG .
Disulphide bond between /B0133hCYS SG  and /B0141hCYS SG .
Disulphide bond between /B0344hCYS SG  and /B0361hCYS SG .
Disulphide bond between /B0530hCYS SG  and /B0542hCYS SG .
7 disulphide bonds found.


Adding Polar Hydrogens.
Opened output file "./7v8b_delta_afterMD.nnb".
Checking for hydrogen bonds . . . 
20531 neighbour interactions found.
HBPLUS Hydrogen Bond Calculator v 3.2            Nov 27 16:06:33 CST 2021
(c) I McDonald, D Naylor, D Jones and J Thornton 1993 All Rights Reserved.

Configured for 100000 atoms and 24000 residues.

Criteria

Minimum Angles; DHA 90.00, HAAA 90.00, DAAA 90.00
Maximum Distances; D-A 3.3, H-A 2.7, S-S 3.0
Maximum angles at aromatic acceptors DAAX 20.00, HAAAX 20.00
Minimum covalent separation 3 Covalent bonds


Processing file "7v8b_delta_afterMD.pdb" . . .
Opening "7v8b_delta_afterMD.pdb" for protein co-ordinates. . .

	Hydrogens Recognized in Brookhaven File
WARNING: Unrecognized atom name  CD  from residue ILE 
WARNING: Unrecognized atom name  CD  from residue ILE 
WARNING: Unrecognized atom name  CD  from residue ILE 
WARNING: Unrecognized atom name  CD  from residue ILE 
WARNING: Unrecognized atom name  CD  from residue ILE 
WARNING: Unrecognized atom name  CD  from residue ILE 
WARNING: Unrecognized atom name  CD  from residue ILE 
WARNING: Unrecognized atom name  CD  from residue ILE 
WARNING: Unrecognized atom name  O1  from residue SER 
WARNING: Unrecognized atom name  O2  from residue SER 
WARNING: Unrecognized atom name  CD  from residue ILE 
WARNING: Unrecognized atom name  CD  from residue ILE 
WARNING: Unrecognized atom name  CD  from residue ILE 
WARNING: Unrecognized atom name  CD  from residue ILE 
WARNING: Unrecognized atom name  CD  from residue ILE 
WARNING: Unrecognized atom name  CD  from residue ILE 
WARNING: Unrecognized atom name  CD  from residue ILE 
WARNING: Unrecognized atom name  CD  from residue ILE 
WARNING: Unrecognized atom name  CD  from residue ILE 
WARNING: Unrecognized atom name  CD  from residue ILE 
WARNING: Unrecognized atom name  CD  from residue ILE 
WARNING: Unrecognized atom name  CD  from residue ILE 
WARNING: Unrecognized atom name  CD  from residue ILE 
WARNING: Unrecognized atom name  CD  from residue ILE 
WARNING: Unrecognized atom name  CD  from residue ILE 
WARNING: Unrecognized atom name  CD  from residue ILE 
WARNING: Unrecognized atom name  CD  from residue ILE 
WARNING: Unrecognized atom name  CD  from residue ILE 
WARNING: Unrecognized atom name  CD  from residue ILE 
WARNING: Unrecognized atom name  CD  from residue ILE 
WARNING: Unrecognized atom name  CD  from residue ILE 
WARNING: Unrecognized atom name  CD  from residue ILE 
WARNING: Unrecognized atom name  O1  from residue ALA 
WARNING: Unrecognized atom name  O2  from residue ALA 
6452 atoms selected from 796 residues.

Found 1 elements of secondary structure and 2 chains.
0 CONRECS used.
Checking for disulphide bridges . . . 
Disulphide bond between /A0336hCYS SG  and /A0361hCYS SG .
Disulphide bond between /A0379hCYS SG  and /A0432hCYS SG .
Disulphide bond between /A0391hCYS SG  and /A0525hCYS SG .
Disulphide bond between /A0480hCYS SG  and /A0488hCYS SG .
Disulphide bond between /B0133hCYS SG  and /B0141hCYS SG .
Disulphide bond between /B0344hCYS SG  and /B0361hCYS SG .
Disulphide bond between /B0530hCYS SG  and /B0542hCYS SG .
7 disulphide bonds found.


Adding Polar Hydrogens.
Opened output file "./7v8b_delta_afterMD.hhb".
Checking for hydrogen bonds . . . 
697 hydrogen bonds found.


  Opening PDB file [7v8b_delta_afterMD.pdb] ...
  Reading through PDB file ...

Reading in hydrogen bonds from file 7v8b_delta_afterMD.hhb ....
.... and non-bonded contacts from file 7v8b_delta_afterMD.nnb

Number of residues written out:     48,  Atoms:    543
Loop:    1. Current score 3844
Loop:    2. Current score 3027
Loop:    3. Current score 3141
Loop:    4. Current score 2944
Loop:    5. Current score 2075
Loop:    6. Current score 2718
Loop:    7. Current score 2253
Loop:    8. Current score 1966
Loop:    9. Current score 2033
Loop:   10. Current score 1545
Alignment score at start = 8218 and at end = 1545
['7v8b_delta_afterMD.pdb']
  Opening PDB file [7v8b_delta_afterMD.pdb] ...

    Searching for HET groups in PDB file ...

      Number of HET residues read in        =       0
      Number of atom records stored         =       0
      Number of CONECT details stored       =       0

  Opening HET Group Dictionary ...

    Scanning HET Group Dictionary ...

      Number of dictionary entries read in  =       0
  Opening output bonds file, ./hbadd.bonds ...
HBPLUS Hydrogen Bond Calculator v 3.2            Nov 29 21:04:39 CST 2021
(c) I McDonald, D Naylor, D Jones and J Thornton 1993 All Rights Reserved.

Configured for 100000 atoms and 24000 residues.

Criteria

Neighbour interactions, max atom-atom separation 3.9
Minimum covalent separation 3 Covalent bonds


Processing file "7v8b_delta_afterMD.pdb" . . .
Opening "7v8b_delta_afterMD.pdb" for protein co-ordinates. . .

	Hydrogens Recognized in Brookhaven File
WARNING: Unrecognized atom name  CD  from residue ILE 
WARNING: Unrecognized atom name  CD  from residue ILE 
WARNING: Unrecognized atom name  CD  from residue ILE 
WARNING: Unrecognized atom name  CD  from residue ILE 
WARNING: Unrecognized atom name  CD  from residue ILE 
WARNING: Unrecognized atom name  CD  from residue ILE 
WARNING: Unrecognized atom name  CD  from residue ILE 
WARNING: Unrecognized atom name  CD  from residue ILE 
WARNING: Unrecognized atom name  O1  from residue SER 
WARNING: Unrecognized atom name  O2  from residue SER 
WARNING: Unrecognized atom name  CD  from residue ILE 
WARNING: Unrecognized atom name  CD  from residue ILE 
WARNING: Unrecognized atom name  CD  from residue ILE 
WARNING: Unrecognized atom name  CD  from residue ILE 
WARNING: Unrecognized atom name  CD  from residue ILE 
WARNING: Unrecognized atom name  CD  from residue ILE 
WARNING: Unrecognized atom name  CD  from residue ILE 
WARNING: Unrecognized atom name  CD  from residue ILE 
WARNING: Unrecognized atom name  CD  from residue ILE 
WARNING: Unrecognized atom name  CD  from residue ILE 
WARNING: Unrecognized atom name  CD  from residue ILE 
WARNING: Unrecognized atom name  CD  from residue ILE 
WARNING: Unrecognized atom name  CD  from residue ILE 
WARNING: Unrecognized atom name  CD  from residue ILE 
WARNING: Unrecognized atom name  CD  from residue ILE 
WARNING: Unrecognized atom name  CD  from residue ILE 
WARNING: Unrecognized atom name  CD  from residue ILE 
WARNING: Unrecognized atom name  CD  from residue ILE 
WARNING: Unrecognized atom name  CD  from residue ILE 
WARNING: Unrecognized atom name  CD  from residue ILE 
WARNING: Unrecognized atom name  CD  from residue ILE 
WARNING: Unrecognized atom name  CD  from residue ILE 
WARNING: Unrecognized atom name  O1  from residue ALA 
WARNING: Unrecognized atom name  O2  from residue ALA 
6452 atoms selected from 796 residues.

Found 1 elements of secondary structure and 2 chains.
0 CONRECS used.
Checking for disulphide bridges . . . 
Disulphide bond between /A0336hCYS SG  and /A0361hCYS SG .
Disulphide bond between /A0379hCYS SG  and /A0432hCYS SG .
Disulphide bond between /A0391hCYS SG  and /A0525hCYS SG .
Disulphide bond between /A0480hCYS SG  and /A0488hCYS SG .
Disulphide bond between /B0133hCYS SG  and /B0141hCYS SG .
Disulphide bond between /B0344hCYS SG  and /B0361hCYS SG .
Disulphide bond between /B0530hCYS SG  and /B0542hCYS SG .
7 disulphide bonds found.


Adding Polar Hydrogens.
Opened output file "./7v8b_delta_afterMD.nnb".
Checking for hydrogen bonds . . . 
20531 neighbour interactions found.
HBPLUS Hydrogen Bond Calculator v 3.2            Nov 29 21:04:39 CST 2021
(c) I McDonald, D Naylor, D Jones and J Thornton 1993 All Rights Reserved.

Configured for 100000 atoms and 24000 residues.

Criteria

Minimum Angles; DHA 90.00, HAAA 90.00, DAAA 90.00
Maximum Distances; D-A 3.3, H-A 2.7, S-S 3.0
Maximum angles at aromatic acceptors DAAX 20.00, HAAAX 20.00
Minimum covalent separation 3 Covalent bonds


Processing file "7v8b_delta_afterMD.pdb" . . .
Opening "7v8b_delta_afterMD.pdb" for protein co-ordinates. . .

	Hydrogens Recognized in Brookhaven File
WARNING: Unrecognized atom name  CD  from residue ILE 
WARNING: Unrecognized atom name  CD  from residue ILE 
WARNING: Unrecognized atom name  CD  from residue ILE 
WARNING: Unrecognized atom name  CD  from residue ILE 
WARNING: Unrecognized atom name  CD  from residue ILE 
WARNING: Unrecognized atom name  CD  from residue ILE 
WARNING: Unrecognized atom name  CD  from residue ILE 
WARNING: Unrecognized atom name  CD  from residue ILE 
WARNING: Unrecognized atom name  O1  from residue SER 
WARNING: Unrecognized atom name  O2  from residue SER 
WARNING: Unrecognized atom name  CD  from residue ILE 
WARNING: Unrecognized atom name  CD  from residue ILE 
WARNING: Unrecognized atom name  CD  from residue ILE 
WARNING: Unrecognized atom name  CD  from residue ILE 
WARNING: Unrecognized atom name  CD  from residue ILE 
WARNING: Unrecognized atom name  CD  from residue ILE 
WARNING: Unrecognized atom name  CD  from residue ILE 
WARNING: Unrecognized atom name  CD  from residue ILE 
WARNING: Unrecognized atom name  CD  from residue ILE 
WARNING: Unrecognized atom name  CD  from residue ILE 
WARNING: Unrecognized atom name  CD  from residue ILE 
WARNING: Unrecognized atom name  CD  from residue ILE 
WARNING: Unrecognized atom name  CD  from residue ILE 
WARNING: Unrecognized atom name  CD  from residue ILE 
WARNING: Unrecognized atom name  CD  from residue ILE 
WARNING: Unrecognized atom name  CD  from residue ILE 
WARNING: Unrecognized atom name  CD  from residue ILE 
WARNING: Unrecognized atom name  CD  from residue ILE 
WARNING: Unrecognized atom name  CD  from residue ILE 
WARNING: Unrecognized atom name  CD  from residue ILE 
WARNING: Unrecognized atom name  CD  from residue ILE 
WARNING: Unrecognized atom name  CD  from residue ILE 
WARNING: Unrecognized atom name  O1  from residue ALA 
WARNING: Unrecognized atom name  O2  from residue ALA 
6452 atoms selected from 796 residues.

Found 1 elements of secondary structure and 2 chains.
0 CONRECS used.
Checking for disulphide bridges . . . 
Disulphide bond between /A0336hCYS SG  and /A0361hCYS SG .
Disulphide bond between /A0379hCYS SG  and /A0432hCYS SG .
Disulphide bond between /A0391hCYS SG  and /A0525hCYS SG .
Disulphide bond between /A0480hCYS SG  and /A0488hCYS SG .
Disulphide bond between /B0133hCYS SG  and /B0141hCYS SG .
Disulphide bond between /B0344hCYS SG  and /B0361hCYS SG .
Disulphide bond between /B0530hCYS SG  and /B0542hCYS SG .
7 disulphide bonds found.


Adding Polar Hydrogens.
Opened output file "./7v8b_delta_afterMD.hhb".
Checking for hydrogen bonds . . . 
697 hydrogen bonds found.


  Opening PDB file [7v8b_delta_afterMD.pdb] ...
  Reading through PDB file ...

Reading in hydrogen bonds from file 7v8b_delta_afterMD.hhb ....
.... and non-bonded contacts from file 7v8b_delta_afterMD.nnb

Number of residues written out:     48,  Atoms:    543
Loop:    1. Current score 3844
Loop:    2. Current score 3027
Loop:    3. Current score 3141
Loop:    4. Current score 2944
Loop:    5. Current score 2075
Loop:    6. Current score 2718
Loop:    7. Current score 2253
Loop:    8. Current score 1966
Loop:    9. Current score 2033
Loop:   10. Current score 1545
Alignment score at start = 8218 and at end = 1545
['7v8b_delta_afterMD.pdb']
  Opening PDB file [7v8b_delta_afterMD.pdb] ...

    Searching for HET groups in PDB file ...

      Number of HET residues read in        =       0
      Number of atom records stored         =       0
      Number of CONECT details stored       =       0

  Opening HET Group Dictionary ...

    Scanning HET Group Dictionary ...

      Number of dictionary entries read in  =       0
  Opening output bonds file, ./hbadd.bonds ...
HBPLUS Hydrogen Bond Calculator v 3.2            Nov 30 17:24:15 CST 2021
(c) I McDonald, D Naylor, D Jones and J Thornton 1993 All Rights Reserved.

Configured for 100000 atoms and 24000 residues.

Criteria

Neighbour interactions, max atom-atom separation 3.9
Minimum covalent separation 3 Covalent bonds


Processing file "7v8b_delta_afterMD.pdb" . . .
Opening "7v8b_delta_afterMD.pdb" for protein co-ordinates. . .

	Hydrogens Recognized in Brookhaven File
WARNING: Unrecognized atom name  CD  from residue ILE 
WARNING: Unrecognized atom name  CD  from residue ILE 
WARNING: Unrecognized atom name  CD  from residue ILE 
WARNING: Unrecognized atom name  CD  from residue ILE 
WARNING: Unrecognized atom name  CD  from residue ILE 
WARNING: Unrecognized atom name  CD  from residue ILE 
WARNING: Unrecognized atom name  CD  from residue ILE 
WARNING: Unrecognized atom name  CD  from residue ILE 
WARNING: Unrecognized atom name  O1  from residue SER 
WARNING: Unrecognized atom name  O2  from residue SER 
WARNING: Unrecognized atom name  CD  from residue ILE 
WARNING: Unrecognized atom name  CD  from residue ILE 
WARNING: Unrecognized atom name  CD  from residue ILE 
WARNING: Unrecognized atom name  CD  from residue ILE 
WARNING: Unrecognized atom name  CD  from residue ILE 
WARNING: Unrecognized atom name  CD  from residue ILE 
WARNING: Unrecognized atom name  CD  from residue ILE 
WARNING: Unrecognized atom name  CD  from residue ILE 
WARNING: Unrecognized atom name  CD  from residue ILE 
WARNING: Unrecognized atom name  CD  from residue ILE 
WARNING: Unrecognized atom name  CD  from residue ILE 
WARNING: Unrecognized atom name  CD  from residue ILE 
WARNING: Unrecognized atom name  CD  from residue ILE 
WARNING: Unrecognized atom name  CD  from residue ILE 
WARNING: Unrecognized atom name  CD  from residue ILE 
WARNING: Unrecognized atom name  CD  from residue ILE 
WARNING: Unrecognized atom name  CD  from residue ILE 
WARNING: Unrecognized atom name  CD  from residue ILE 
WARNING: Unrecognized atom name  CD  from residue ILE 
WARNING: Unrecognized atom name  CD  from residue ILE 
WARNING: Unrecognized atom name  CD  from residue ILE 
WARNING: Unrecognized atom name  CD  from residue ILE 
WARNING: Unrecognized atom name  O1  from residue ALA 
WARNING: Unrecognized atom name  O2  from residue ALA 
6452 atoms selected from 796 residues.

Found 1 elements of secondary structure and 2 chains.
0 CONRECS used.
Checking for disulphide bridges . . . 
Disulphide bond between /A0336hCYS SG  and /A0361hCYS SG .
Disulphide bond between /A0379hCYS SG  and /A0432hCYS SG .
Disulphide bond between /A0391hCYS SG  and /A0525hCYS SG .
Disulphide bond between /A0480hCYS SG  and /A0488hCYS SG .
Disulphide bond between /B0133hCYS SG  and /B0141hCYS SG .
Disulphide bond between /B0344hCYS SG  and /B0361hCYS SG .
Disulphide bond between /B0530hCYS SG  and /B0542hCYS SG .
7 disulphide bonds found.


Adding Polar Hydrogens.
Opened output file "./7v8b_delta_afterMD.nnb".
Checking for hydrogen bonds . . . 
20531 neighbour interactions found.
HBPLUS Hydrogen Bond Calculator v 3.2            Nov 30 17:24:16 CST 2021
(c) I McDonald, D Naylor, D Jones and J Thornton 1993 All Rights Reserved.

Configured for 100000 atoms and 24000 residues.

Criteria

Minimum Angles; DHA 90.00, HAAA 90.00, DAAA 90.00
Maximum Distances; D-A 3.3, H-A 2.7, S-S 3.0
Maximum angles at aromatic acceptors DAAX 20.00, HAAAX 20.00
Minimum covalent separation 3 Covalent bonds


Processing file "7v8b_delta_afterMD.pdb" . . .
Opening "7v8b_delta_afterMD.pdb" for protein co-ordinates. . .

	Hydrogens Recognized in Brookhaven File
WARNING: Unrecognized atom name  CD  from residue ILE 
WARNING: Unrecognized atom name  CD  from residue ILE 
WARNING: Unrecognized atom name  CD  from residue ILE 
WARNING: Unrecognized atom name  CD  from residue ILE 
WARNING: Unrecognized atom name  CD  from residue ILE 
WARNING: Unrecognized atom name  CD  from residue ILE 
WARNING: Unrecognized atom name  CD  from residue ILE 
WARNING: Unrecognized atom name  CD  from residue ILE 
WARNING: Unrecognized atom name  O1  from residue SER 
WARNING: Unrecognized atom name  O2  from residue SER 
WARNING: Unrecognized atom name  CD  from residue ILE 
WARNING: Unrecognized atom name  CD  from residue ILE 
WARNING: Unrecognized atom name  CD  from residue ILE 
WARNING: Unrecognized atom name  CD  from residue ILE 
WARNING: Unrecognized atom name  CD  from residue ILE 
WARNING: Unrecognized atom name  CD  from residue ILE 
WARNING: Unrecognized atom name  CD  from residue ILE 
WARNING: Unrecognized atom name  CD  from residue ILE 
WARNING: Unrecognized atom name  CD  from residue ILE 
WARNING: Unrecognized atom name  CD  from residue ILE 
WARNING: Unrecognized atom name  CD  from residue ILE 
WARNING: Unrecognized atom name  CD  from residue ILE 
WARNING: Unrecognized atom name  CD  from residue ILE 
WARNING: Unrecognized atom name  CD  from residue ILE 
WARNING: Unrecognized atom name  CD  from residue ILE 
WARNING: Unrecognized atom name  CD  from residue ILE 
WARNING: Unrecognized atom name  CD  from residue ILE 
WARNING: Unrecognized atom name  CD  from residue ILE 
WARNING: Unrecognized atom name  CD  from residue ILE 
WARNING: Unrecognized atom name  CD  from residue ILE 
WARNING: Unrecognized atom name  CD  from residue ILE 
WARNING: Unrecognized atom name  CD  from residue ILE 
WARNING: Unrecognized atom name  O1  from residue ALA 
WARNING: Unrecognized atom name  O2  from residue ALA 
6452 atoms selected from 796 residues.

Found 1 elements of secondary structure and 2 chains.
0 CONRECS used.
Checking for disulphide bridges . . . 
Disulphide bond between /A0336hCYS SG  and /A0361hCYS SG .
Disulphide bond between /A0379hCYS SG  and /A0432hCYS SG .
Disulphide bond between /A0391hCYS SG  and /A0525hCYS SG .
Disulphide bond between /A0480hCYS SG  and /A0488hCYS SG .
Disulphide bond between /B0133hCYS SG  and /B0141hCYS SG .
Disulphide bond between /B0344hCYS SG  and /B0361hCYS SG .
Disulphide bond between /B0530hCYS SG  and /B0542hCYS SG .
7 disulphide bonds found.


Adding Polar Hydrogens.
Opened output file "./7v8b_delta_afterMD.hhb".
Checking for hydrogen bonds . . . 
697 hydrogen bonds found.


  Opening PDB file [7v8b_delta_afterMD.pdb] ...
  Reading through PDB file ...

Reading in hydrogen bonds from file 7v8b_delta_afterMD.hhb ....
.... and non-bonded contacts from file 7v8b_delta_afterMD.nnb

Number of residues written out:     48,  Atoms:    543
Loop:    1. Current score 3139
Loop:    2. Current score 3179
Loop:    3. Current score 2742
Loop:    4. Current score 3145
Loop:    5. Current score 2340
Loop:    6. Current score 2437
Loop:    7. Current score 2419
Loop:    8. Current score 2385
Loop:    9. Current score 1869
Loop:   10. Current score 1868
Alignment score at start = 8218 and at end = 1868
['7v8b_delta_afterMD.pdb']
  Opening PDB file [7v8b_delta_afterMD.pdb] ...

    Searching for HET groups in PDB file ...

      Number of HET residues read in        =       0
      Number of atom records stored         =       0
      Number of CONECT details stored       =       0

  Opening HET Group Dictionary ...

    Scanning HET Group Dictionary ...

      Number of dictionary entries read in  =       0
  Opening output bonds file, ./hbadd.bonds ...
HBPLUS Hydrogen Bond Calculator v 3.2            Nov 30 18:56:55 CST 2021
(c) I McDonald, D Naylor, D Jones and J Thornton 1993 All Rights Reserved.

Configured for 100000 atoms and 24000 residues.

Criteria

Neighbour interactions, max atom-atom separation 3.9
Minimum covalent separation 3 Covalent bonds


Processing file "7v8b_delta_afterMD.pdb" . . .
Opening "7v8b_delta_afterMD.pdb" for protein co-ordinates. . .

	Hydrogens Recognized in Brookhaven File
WARNING: Unrecognized atom name  CD  from residue ILE 
WARNING: Unrecognized atom name  CD  from residue ILE 
WARNING: Unrecognized atom name  CD  from residue ILE 
WARNING: Unrecognized atom name  CD  from residue ILE 
WARNING: Unrecognized atom name  CD  from residue ILE 
WARNING: Unrecognized atom name  CD  from residue ILE 
WARNING: Unrecognized atom name  CD  from residue ILE 
WARNING: Unrecognized atom name  CD  from residue ILE 
WARNING: Unrecognized atom name  O1  from residue SER 
WARNING: Unrecognized atom name  O2  from residue SER 
WARNING: Unrecognized atom name  CD  from residue ILE 
WARNING: Unrecognized atom name  CD  from residue ILE 
WARNING: Unrecognized atom name  CD  from residue ILE 
WARNING: Unrecognized atom name  CD  from residue ILE 
WARNING: Unrecognized atom name  CD  from residue ILE 
WARNING: Unrecognized atom name  CD  from residue ILE 
WARNING: Unrecognized atom name  CD  from residue ILE 
WARNING: Unrecognized atom name  CD  from residue ILE 
WARNING: Unrecognized atom name  CD  from residue ILE 
WARNING: Unrecognized atom name  CD  from residue ILE 
WARNING: Unrecognized atom name  CD  from residue ILE 
WARNING: Unrecognized atom name  CD  from residue ILE 
WARNING: Unrecognized atom name  CD  from residue ILE 
WARNING: Unrecognized atom name  CD  from residue ILE 
WARNING: Unrecognized atom name  CD  from residue ILE 
WARNING: Unrecognized atom name  CD  from residue ILE 
WARNING: Unrecognized atom name  CD  from residue ILE 
WARNING: Unrecognized atom name  CD  from residue ILE 
WARNING: Unrecognized atom name  CD  from residue ILE 
WARNING: Unrecognized atom name  CD  from residue ILE 
WARNING: Unrecognized atom name  CD  from residue ILE 
WARNING: Unrecognized atom name  CD  from residue ILE 
WARNING: Unrecognized atom name  O1  from residue ALA 
WARNING: Unrecognized atom name  O2  from residue ALA 
6452 atoms selected from 796 residues.

Found 1 elements of secondary structure and 2 chains.
0 CONRECS used.
Checking for disulphide bridges . . . 
Disulphide bond between /A0336hCYS SG  and /A0361hCYS SG .
Disulphide bond between /A0379hCYS SG  and /A0432hCYS SG .
Disulphide bond between /A0391hCYS SG  and /A0525hCYS SG .
Disulphide bond between /A0480hCYS SG  and /A0488hCYS SG .
Disulphide bond between /B0133hCYS SG  and /B0141hCYS SG .
Disulphide bond between /B0344hCYS SG  and /B0361hCYS SG .
Disulphide bond between /B0530hCYS SG  and /B0542hCYS SG .
7 disulphide bonds found.


Adding Polar Hydrogens.
Opened output file "./7v8b_delta_afterMD.nnb".
Checking for hydrogen bonds . . . 
20531 neighbour interactions found.
HBPLUS Hydrogen Bond Calculator v 3.2            Nov 30 18:56:55 CST 2021
(c) I McDonald, D Naylor, D Jones and J Thornton 1993 All Rights Reserved.

Configured for 100000 atoms and 24000 residues.

Criteria

Minimum Angles; DHA 90.00, HAAA 90.00, DAAA 90.00
Maximum Distances; D-A 3.3, H-A 2.7, S-S 3.0
Maximum angles at aromatic acceptors DAAX 20.00, HAAAX 20.00
Minimum covalent separation 3 Covalent bonds


Processing file "7v8b_delta_afterMD.pdb" . . .
Opening "7v8b_delta_afterMD.pdb" for protein co-ordinates. . .

	Hydrogens Recognized in Brookhaven File
WARNING: Unrecognized atom name  CD  from residue ILE 
WARNING: Unrecognized atom name  CD  from residue ILE 
WARNING: Unrecognized atom name  CD  from residue ILE 
WARNING: Unrecognized atom name  CD  from residue ILE 
WARNING: Unrecognized atom name  CD  from residue ILE 
WARNING: Unrecognized atom name  CD  from residue ILE 
WARNING: Unrecognized atom name  CD  from residue ILE 
WARNING: Unrecognized atom name  CD  from residue ILE 
WARNING: Unrecognized atom name  O1  from residue SER 
WARNING: Unrecognized atom name  O2  from residue SER 
WARNING: Unrecognized atom name  CD  from residue ILE 
WARNING: Unrecognized atom name  CD  from residue ILE 
WARNING: Unrecognized atom name  CD  from residue ILE 
WARNING: Unrecognized atom name  CD  from residue ILE 
WARNING: Unrecognized atom name  CD  from residue ILE 
WARNING: Unrecognized atom name  CD  from residue ILE 
WARNING: Unrecognized atom name  CD  from residue ILE 
WARNING: Unrecognized atom name  CD  from residue ILE 
WARNING: Unrecognized atom name  CD  from residue ILE 
WARNING: Unrecognized atom name  CD  from residue ILE 
WARNING: Unrecognized atom name  CD  from residue ILE 
WARNING: Unrecognized atom name  CD  from residue ILE 
WARNING: Unrecognized atom name  CD  from residue ILE 
WARNING: Unrecognized atom name  CD  from residue ILE 
WARNING: Unrecognized atom name  CD  from residue ILE 
WARNING: Unrecognized atom name  CD  from residue ILE 
WARNING: Unrecognized atom name  CD  from residue ILE 
WARNING: Unrecognized atom name  CD  from residue ILE 
WARNING: Unrecognized atom name  CD  from residue ILE 
WARNING: Unrecognized atom name  CD  from residue ILE 
WARNING: Unrecognized atom name  CD  from residue ILE 
WARNING: Unrecognized atom name  CD  from residue ILE 
WARNING: Unrecognized atom name  O1  from residue ALA 
WARNING: Unrecognized atom name  O2  from residue ALA 
6452 atoms selected from 796 residues.

Found 1 elements of secondary structure and 2 chains.
0 CONRECS used.
Checking for disulphide bridges . . . 
Disulphide bond between /A0336hCYS SG  and /A0361hCYS SG .
Disulphide bond between /A0379hCYS SG  and /A0432hCYS SG .
Disulphide bond between /A0391hCYS SG  and /A0525hCYS SG .
Disulphide bond between /A0480hCYS SG  and /A0488hCYS SG .
Disulphide bond between /B0133hCYS SG  and /B0141hCYS SG .
Disulphide bond between /B0344hCYS SG  and /B0361hCYS SG .
Disulphide bond between /B0530hCYS SG  and /B0542hCYS SG .
7 disulphide bonds found.


Adding Polar Hydrogens.
Opened output file "./7v8b_delta_afterMD.hhb".
Checking for hydrogen bonds . . . 
697 hydrogen bonds found.


  Opening PDB file [7v8b_delta_afterMD.pdb] ...
  Reading through PDB file ...

Reading in hydrogen bonds from file 7v8b_delta_afterMD.hhb ....
.... and non-bonded contacts from file 7v8b_delta_afterMD.nnb

Number of residues written out:     48,  Atoms:    543
Loop:    1. Current score 3844
Loop:    2. Current score 3027
Loop:    3. Current score 3141
Loop:    4. Current score 2944
Loop:    5. Current score 2075
Loop:    6. Current score 2718
Loop:    7. Current score 2253
Loop:    8. Current score 1966
Loop:    9. Current score 2033
Loop:   10. Current score 1545
Alignment score at start = 8218 and at end = 1545
['7v8b_delta_afterMD.pdb']
  Opening PDB file [7v8b_delta_afterMD.pdb] ...

    Searching for HET groups in PDB file ...

      Number of HET residues read in        =       0
      Number of atom records stored         =       0
      Number of CONECT details stored       =       0

  Opening HET Group Dictionary ...

    Scanning HET Group Dictionary ...

      Number of dictionary entries read in  =       0
  Opening output bonds file, ./hbadd.bonds ...
HBPLUS Hydrogen Bond Calculator v 3.2            Dec 03 11:03:35 CST 2021
(c) I McDonald, D Naylor, D Jones and J Thornton 1993 All Rights Reserved.

Configured for 100000 atoms and 24000 residues.

Criteria

Neighbour interactions, max atom-atom separation 3.9
Minimum covalent separation 3 Covalent bonds


Processing file "7v8b_delta_afterMD.pdb" . . .
Opening "7v8b_delta_afterMD.pdb" for protein co-ordinates. . .

	Hydrogens Recognized in Brookhaven File
WARNING: Unrecognized atom name  CD  from residue ILE 
WARNING: Unrecognized atom name  CD  from residue ILE 
WARNING: Unrecognized atom name  CD  from residue ILE 
WARNING: Unrecognized atom name  CD  from residue ILE 
WARNING: Unrecognized atom name  CD  from residue ILE 
WARNING: Unrecognized atom name  CD  from residue ILE 
WARNING: Unrecognized atom name  CD  from residue ILE 
WARNING: Unrecognized atom name  CD  from residue ILE 
WARNING: Unrecognized atom name  O1  from residue SER 
WARNING: Unrecognized atom name  O2  from residue SER 
WARNING: Unrecognized atom name  CD  from residue ILE 
WARNING: Unrecognized atom name  CD  from residue ILE 
WARNING: Unrecognized atom name  CD  from residue ILE 
WARNING: Unrecognized atom name  CD  from residue ILE 
WARNING: Unrecognized atom name  CD  from residue ILE 
WARNING: Unrecognized atom name  CD  from residue ILE 
WARNING: Unrecognized atom name  CD  from residue ILE 
WARNING: Unrecognized atom name  CD  from residue ILE 
WARNING: Unrecognized atom name  CD  from residue ILE 
WARNING: Unrecognized atom name  CD  from residue ILE 
WARNING: Unrecognized atom name  CD  from residue ILE 
WARNING: Unrecognized atom name  CD  from residue ILE 
WARNING: Unrecognized atom name  CD  from residue ILE 
WARNING: Unrecognized atom name  CD  from residue ILE 
WARNING: Unrecognized atom name  CD  from residue ILE 
WARNING: Unrecognized atom name  CD  from residue ILE 
WARNING: Unrecognized atom name  CD  from residue ILE 
WARNING: Unrecognized atom name  CD  from residue ILE 
WARNING: Unrecognized atom name  CD  from residue ILE 
WARNING: Unrecognized atom name  CD  from residue ILE 
WARNING: Unrecognized atom name  CD  from residue ILE 
WARNING: Unrecognized atom name  CD  from residue ILE 
WARNING: Unrecognized atom name  O1  from residue ALA 
WARNING: Unrecognized atom name  O2  from residue ALA 
6452 atoms selected from 796 residues.

Found 1 elements of secondary structure and 2 chains.
0 CONRECS used.
Checking for disulphide bridges . . . 
Disulphide bond between /A0336hCYS SG  and /A0361hCYS SG .
Disulphide bond between /A0379hCYS SG  and /A0432hCYS SG .
Disulphide bond between /A0391hCYS SG  and /A0525hCYS SG .
Disulphide bond between /A0480hCYS SG  and /A0488hCYS SG .
Disulphide bond between /B0133hCYS SG  and /B0141hCYS SG .
Disulphide bond between /B0344hCYS SG  and /B0361hCYS SG .
Disulphide bond between /B0530hCYS SG  and /B0542hCYS SG .
7 disulphide bonds found.


Adding Polar Hydrogens.
Opened output file "./7v8b_delta_afterMD.nnb".
Checking for hydrogen bonds . . . 
20531 neighbour interactions found.
HBPLUS Hydrogen Bond Calculator v 3.2            Dec 03 11:03:35 CST 2021
(c) I McDonald, D Naylor, D Jones and J Thornton 1993 All Rights Reserved.

Configured for 100000 atoms and 24000 residues.

Criteria

Minimum Angles; DHA 90.00, HAAA 90.00, DAAA 90.00
Maximum Distances; D-A 3.3, H-A 2.7, S-S 3.0
Maximum angles at aromatic acceptors DAAX 20.00, HAAAX 20.00
Minimum covalent separation 3 Covalent bonds


Processing file "7v8b_delta_afterMD.pdb" . . .
Opening "7v8b_delta_afterMD.pdb" for protein co-ordinates. . .

	Hydrogens Recognized in Brookhaven File
WARNING: Unrecognized atom name  CD  from residue ILE 
WARNING: Unrecognized atom name  CD  from residue ILE 
WARNING: Unrecognized atom name  CD  from residue ILE 
WARNING: Unrecognized atom name  CD  from residue ILE 
WARNING: Unrecognized atom name  CD  from residue ILE 
WARNING: Unrecognized atom name  CD  from residue ILE 
WARNING: Unrecognized atom name  CD  from residue ILE 
WARNING: Unrecognized atom name  CD  from residue ILE 
WARNING: Unrecognized atom name  O1  from residue SER 
WARNING: Unrecognized atom name  O2  from residue SER 
WARNING: Unrecognized atom name  CD  from residue ILE 
WARNING: Unrecognized atom name  CD  from residue ILE 
WARNING: Unrecognized atom name  CD  from residue ILE 
WARNING: Unrecognized atom name  CD  from residue ILE 
WARNING: Unrecognized atom name  CD  from residue ILE 
WARNING: Unrecognized atom name  CD  from residue ILE 
WARNING: Unrecognized atom name  CD  from residue ILE 
WARNING: Unrecognized atom name  CD  from residue ILE 
WARNING: Unrecognized atom name  CD  from residue ILE 
WARNING: Unrecognized atom name  CD  from residue ILE 
WARNING: Unrecognized atom name  CD  from residue ILE 
WARNING: Unrecognized atom name  CD  from residue ILE 
WARNING: Unrecognized atom name  CD  from residue ILE 
WARNING: Unrecognized atom name  CD  from residue ILE 
WARNING: Unrecognized atom name  CD  from residue ILE 
WARNING: Unrecognized atom name  CD  from residue ILE 
WARNING: Unrecognized atom name  CD  from residue ILE 
WARNING: Unrecognized atom name  CD  from residue ILE 
WARNING: Unrecognized atom name  CD  from residue ILE 
WARNING: Unrecognized atom name  CD  from residue ILE 
WARNING: Unrecognized atom name  CD  from residue ILE 
WARNING: Unrecognized atom name  CD  from residue ILE 
WARNING: Unrecognized atom name  O1  from residue ALA 
WARNING: Unrecognized atom name  O2  from residue ALA 
6452 atoms selected from 796 residues.

Found 1 elements of secondary structure and 2 chains.
0 CONRECS used.
Checking for disulphide bridges . . . 
Disulphide bond between /A0336hCYS SG  and /A0361hCYS SG .
Disulphide bond between /A0379hCYS SG  and /A0432hCYS SG .
Disulphide bond between /A0391hCYS SG  and /A0525hCYS SG .
Disulphide bond between /A0480hCYS SG  and /A0488hCYS SG .
Disulphide bond between /B0133hCYS SG  and /B0141hCYS SG .
Disulphide bond between /B0344hCYS SG  and /B0361hCYS SG .
Disulphide bond between /B0530hCYS SG  and /B0542hCYS SG .
7 disulphide bonds found.


Adding Polar Hydrogens.
Opened output file "./7v8b_delta_afterMD.hhb".
Checking for hydrogen bonds . . . 
697 hydrogen bonds found.


  Opening PDB file [7v8b_delta_afterMD.pdb] ...
  Reading through PDB file ...

Reading in hydrogen bonds from file 7v8b_delta_afterMD.hhb ....
.... and non-bonded contacts from file 7v8b_delta_afterMD.nnb

Number of residues written out:     48,  Atoms:    543
Loop:    1. Current score 3139
Loop:    2. Current score 3179
Loop:    3. Current score 2742
Loop:    4. Current score 3145
Loop:    5. Current score 2340
Loop:    6. Current score 2437
Loop:    7. Current score 2419
Loop:    8. Current score 2385
Loop:    9. Current score 1869
Loop:   10. Current score 1868
Alignment score at start = 8218 and at end = 1868
